2018-11-30 14:36:17 Error: Fatal Error (1): Class Cake\Chronos\MutableDateTime contains 2 abstract methods and must therefore be declared abstract or implement the remaining methods (DateTimeInterface::getTimestamp, DateTimeInterface::diff) in [E:\httpdocs\projetos\Digi5Apis\web\vendor\cakephp\chronos\src\MutableDateTime.php, line 51]
Trace:
Cake\Error\BaseErrorHandler::handleFatalError() - CORE\src\Error\BaseErrorHandler.php, line 229
Cake\Error\BaseErrorHandler::Cake\Error\{closure}() - CORE\src\Error\BaseErrorHandler.php, line 109
[main] - [internal], line ??



2018-11-30 14:36:18 Error: [Cake\Error\FatalErrorException] Class Cake\Chronos\MutableDateTime contains 2 abstract methods and must therefore be declared abstract or implement the remaining methods (DateTimeInterface::getTimestamp, DateTimeInterface::diff) in E:\httpdocs\projetos\Digi5Apis\web\vendor\cakephp\chronos\src\MutableDateTime.php on line 51
Stack Trace:
#0 E:\httpdocs\projetos\Digi5Apis\web\vendor\cakephp\cakephp\src\Error\BaseErrorHandler.php(109): Cake\Error\BaseErrorHandler->handleFatalError(1, 'Class Cake\\Chro...', 'E:\\httpdocs\\pro...', 51)
#1 [internal function]: Cake\Error\BaseErrorHandler->Cake\Error\{closure}()
#2 {main}


2019-01-29 16:32:45 Error: [Error] Call to a member function mailDebug() on boolean
Request URL: /store/insurance/buyb2c
Stack Trace:
#0 E:\httpdocs\projetos\Digi5Apis\web\src\Controller\StoreController.php(105): App\Controller\OrderBuyb2cController->delete(Array)
#1 E:\httpdocs\projetos\Digi5Apis\web\vendor\cakephp\cakephp\src\Controller\Controller.php(596): App\Controller\StoreController->insurance('buyb2c')
#2 E:\httpdocs\projetos\Digi5Apis\web\vendor\cakephp\cakephp\src\Http\ActionDispatcher.php(120): Cake\Controller\Controller->invokeAction()
#3 E:\httpdocs\projetos\Digi5Apis\web\vendor\cakephp\cakephp\src\Http\ActionDispatcher.php(94): Cake\Http\ActionDispatcher->_invoke(Object(App\Controller\StoreController))
#4 E:\httpdocs\projetos\Digi5Apis\web\vendor\cakephp\cakephp\src\Http\BaseApplication.php(235): Cake\Http\ActionDispatcher->dispatch(Object(Cake\Http\ServerRequest), Object(Cake\Http\Response))
#5 E:\httpdocs\projetos\Digi5Apis\web\vendor\cakephp\cakephp\src\Http\Runner.php(65): Cake\Http\BaseApplication->__invoke(Object(Cake\Http\ServerRequest), Object(Cake\Http\Response), Object(Cake\Http\Runner))
#6 E:\httpdocs\projetos\Digi5Apis\web\vendor\cakephp\cakephp\src\Routing\Middleware\RoutingMiddleware.php(156): Cake\Http\Runner->__invoke(Object(Cake\Http\ServerRequest), Object(Cake\Http\Response))
#7 E:\httpdocs\projetos\Digi5Apis\web\vendor\cakephp\cakephp\src\Http\Runner.php(65): Cake\Routing\Middleware\RoutingMiddleware->__invoke(Object(Cake\Http\ServerRequest), Object(Cake\Http\Response), Object(Cake\Http\Runner))
#8 E:\httpdocs\projetos\Digi5Apis\web\vendor\cakephp\cakephp\src\Routing\Middleware\AssetMiddleware.php(88): Cake\Http\Runner->__invoke(Object(Cake\Http\ServerRequest), Object(Cake\Http\Response))
#9 E:\httpdocs\projetos\Digi5Apis\web\vendor\cakephp\cakephp\src\Http\Runner.php(65): Cake\Routing\Middleware\AssetMiddleware->__invoke(Object(Cake\Http\ServerRequest), Object(Cake\Http\Response), Object(Cake\Http\Runner))
#10 E:\httpdocs\projetos\Digi5Apis\web\vendor\cakephp\cakephp\src\Error\Middleware\ErrorHandlerMiddleware.php(98): Cake\Http\Runner->__invoke(Object(Cake\Http\ServerRequest), Object(Cake\Http\Response))
#11 E:\httpdocs\projetos\Digi5Apis\web\vendor\cakephp\cakephp\src\Http\Runner.php(65): Cake\Error\Middleware\ErrorHandlerMiddleware->__invoke(Object(Cake\Http\ServerRequest), Object(Cake\Http\Response), Object(Cake\Http\Runner))
#12 E:\httpdocs\projetos\Digi5Apis\web\vendor\cakephp\cakephp\src\Http\Runner.php(51): Cake\Http\Runner->__invoke(Object(Cake\Http\ServerRequest), Object(Cake\Http\Response))
#13 E:\httpdocs\projetos\Digi5Apis\web\vendor\cakephp\cakephp\src\Http\Server.php(98): Cake\Http\Runner->run(Object(Cake\Http\MiddlewareQueue), Object(Cake\Http\ServerRequest), Object(Cake\Http\Response))
#14 E:\httpdocs\projetos\Digi5Apis\web\webroot\index.php(125): Cake\Http\Server->run()
#15 {main}


2019-02-05 11:29:09 Error: [Error] Call to a member function mailDebug() on boolean
Request URL: /store/insurance/buyb2c
Stack Trace:
#0 E:\httpdocs\projetos\Digi5Apis\web\src\Controller\StoreController.php(105): App\Controller\OrderBuyb2cController->delete(Array)
#1 E:\httpdocs\projetos\Digi5Apis\web\vendor\cakephp\cakephp\src\Controller\Controller.php(596): App\Controller\StoreController->insurance('buyb2c')
#2 E:\httpdocs\projetos\Digi5Apis\web\vendor\cakephp\cakephp\src\Http\ActionDispatcher.php(120): Cake\Controller\Controller->invokeAction()
#3 E:\httpdocs\projetos\Digi5Apis\web\vendor\cakephp\cakephp\src\Http\ActionDispatcher.php(94): Cake\Http\ActionDispatcher->_invoke(Object(App\Controller\StoreController))
#4 E:\httpdocs\projetos\Digi5Apis\web\vendor\cakephp\cakephp\src\Http\BaseApplication.php(235): Cake\Http\ActionDispatcher->dispatch(Object(Cake\Http\ServerRequest), Object(Cake\Http\Response))
#5 E:\httpdocs\projetos\Digi5Apis\web\vendor\cakephp\cakephp\src\Http\Runner.php(65): Cake\Http\BaseApplication->__invoke(Object(Cake\Http\ServerRequest), Object(Cake\Http\Response), Object(Cake\Http\Runner))
#6 E:\httpdocs\projetos\Digi5Apis\web\vendor\cakephp\cakephp\src\Routing\Middleware\RoutingMiddleware.php(156): Cake\Http\Runner->__invoke(Object(Cake\Http\ServerRequest), Object(Cake\Http\Response))
#7 E:\httpdocs\projetos\Digi5Apis\web\vendor\cakephp\cakephp\src\Http\Runner.php(65): Cake\Routing\Middleware\RoutingMiddleware->__invoke(Object(Cake\Http\ServerRequest), Object(Cake\Http\Response), Object(Cake\Http\Runner))
#8 E:\httpdocs\projetos\Digi5Apis\web\vendor\cakephp\cakephp\src\Routing\Middleware\AssetMiddleware.php(88): Cake\Http\Runner->__invoke(Object(Cake\Http\ServerRequest), Object(Cake\Http\Response))
#9 E:\httpdocs\projetos\Digi5Apis\web\vendor\cakephp\cakephp\src\Http\Runner.php(65): Cake\Routing\Middleware\AssetMiddleware->__invoke(Object(Cake\Http\ServerRequest), Object(Cake\Http\Response), Object(Cake\Http\Runner))
#10 E:\httpdocs\projetos\Digi5Apis\web\vendor\cakephp\cakephp\src\Error\Middleware\ErrorHandlerMiddleware.php(98): Cake\Http\Runner->__invoke(Object(Cake\Http\ServerRequest), Object(Cake\Http\Response))
#11 E:\httpdocs\projetos\Digi5Apis\web\vendor\cakephp\cakephp\src\Http\Runner.php(65): Cake\Error\Middleware\ErrorHandlerMiddleware->__invoke(Object(Cake\Http\ServerRequest), Object(Cake\Http\Response), Object(Cake\Http\Runner))
#12 E:\httpdocs\projetos\Digi5Apis\web\vendor\cakephp\cakephp\src\Http\Runner.php(51): Cake\Http\Runner->__invoke(Object(Cake\Http\ServerRequest), Object(Cake\Http\Response))
#13 E:\httpdocs\projetos\Digi5Apis\web\vendor\cakephp\cakephp\src\Http\Server.php(98): Cake\Http\Runner->run(Object(Cake\Http\MiddlewareQueue), Object(Cake\Http\ServerRequest), Object(Cake\Http\Response))
#14 E:\httpdocs\projetos\Digi5Apis\web\webroot\index.php(125): Cake\Http\Server->run()
#15 {main}


2019-02-05 17:37:16 Error: [Error] Call to a member function mailDebug() on boolean
Request URL: /store/insurance/buyb2c
Stack Trace:
#0 E:\httpdocs\projetos\Digi5Apis\web\src\Controller\StoreController.php(105): App\Controller\OrderBuyb2cController->delete(Array)
#1 E:\httpdocs\projetos\Digi5Apis\web\vendor\cakephp\cakephp\src\Controller\Controller.php(596): App\Controller\StoreController->insurance('buyb2c')
#2 E:\httpdocs\projetos\Digi5Apis\web\vendor\cakephp\cakephp\src\Http\ActionDispatcher.php(120): Cake\Controller\Controller->invokeAction()
#3 E:\httpdocs\projetos\Digi5Apis\web\vendor\cakephp\cakephp\src\Http\ActionDispatcher.php(94): Cake\Http\ActionDispatcher->_invoke(Object(App\Controller\StoreController))
#4 E:\httpdocs\projetos\Digi5Apis\web\vendor\cakephp\cakephp\src\Http\BaseApplication.php(235): Cake\Http\ActionDispatcher->dispatch(Object(Cake\Http\ServerRequest), Object(Cake\Http\Response))
#5 E:\httpdocs\projetos\Digi5Apis\web\vendor\cakephp\cakephp\src\Http\Runner.php(65): Cake\Http\BaseApplication->__invoke(Object(Cake\Http\ServerRequest), Object(Cake\Http\Response), Object(Cake\Http\Runner))
#6 E:\httpdocs\projetos\Digi5Apis\web\vendor\cakephp\cakephp\src\Routing\Middleware\RoutingMiddleware.php(156): Cake\Http\Runner->__invoke(Object(Cake\Http\ServerRequest), Object(Cake\Http\Response))
#7 E:\httpdocs\projetos\Digi5Apis\web\vendor\cakephp\cakephp\src\Http\Runner.php(65): Cake\Routing\Middleware\RoutingMiddleware->__invoke(Object(Cake\Http\ServerRequest), Object(Cake\Http\Response), Object(Cake\Http\Runner))
#8 E:\httpdocs\projetos\Digi5Apis\web\vendor\cakephp\cakephp\src\Routing\Middleware\AssetMiddleware.php(88): Cake\Http\Runner->__invoke(Object(Cake\Http\ServerRequest), Object(Cake\Http\Response))
#9 E:\httpdocs\projetos\Digi5Apis\web\vendor\cakephp\cakephp\src\Http\Runner.php(65): Cake\Routing\Middleware\AssetMiddleware->__invoke(Object(Cake\Http\ServerRequest), Object(Cake\Http\Response), Object(Cake\Http\Runner))
#10 E:\httpdocs\projetos\Digi5Apis\web\vendor\cakephp\cakephp\src\Error\Middleware\ErrorHandlerMiddleware.php(98): Cake\Http\Runner->__invoke(Object(Cake\Http\ServerRequest), Object(Cake\Http\Response))
#11 E:\httpdocs\projetos\Digi5Apis\web\vendor\cakephp\cakephp\src\Http\Runner.php(65): Cake\Error\Middleware\ErrorHandlerMiddleware->__invoke(Object(Cake\Http\ServerRequest), Object(Cake\Http\Response), Object(Cake\Http\Runner))
#12 E:\httpdocs\projetos\Digi5Apis\web\vendor\cakephp\cakephp\src\Http\Runner.php(51): Cake\Http\Runner->__invoke(Object(Cake\Http\ServerRequest), Object(Cake\Http\Response))
#13 E:\httpdocs\projetos\Digi5Apis\web\vendor\cakephp\cakephp\src\Http\Server.php(98): Cake\Http\Runner->run(Object(Cake\Http\MiddlewareQueue), Object(Cake\Http\ServerRequest), Object(Cake\Http\Response))
#14 E:\httpdocs\projetos\Digi5Apis\web\webroot\index.php(125): Cake\Http\Server->run()
#15 {main}


2019-02-12 12:37:44 Error: [Error] Call to a member function mailDebug() on boolean
Request URL: /store/insurance/buyb2c
Stack Trace:
#0 E:\httpdocs\projetos\Digi5Apis\web\src\Controller\StoreController.php(105): App\Controller\OrderBuyb2cController->delete(Array)
#1 E:\httpdocs\projetos\Digi5Apis\web\vendor\cakephp\cakephp\src\Controller\Controller.php(596): App\Controller\StoreController->insurance('buyb2c')
#2 E:\httpdocs\projetos\Digi5Apis\web\vendor\cakephp\cakephp\src\Http\ActionDispatcher.php(120): Cake\Controller\Controller->invokeAction()
#3 E:\httpdocs\projetos\Digi5Apis\web\vendor\cakephp\cakephp\src\Http\ActionDispatcher.php(94): Cake\Http\ActionDispatcher->_invoke(Object(App\Controller\StoreController))
#4 E:\httpdocs\projetos\Digi5Apis\web\vendor\cakephp\cakephp\src\Http\BaseApplication.php(235): Cake\Http\ActionDispatcher->dispatch(Object(Cake\Http\ServerRequest), Object(Cake\Http\Response))
#5 E:\httpdocs\projetos\Digi5Apis\web\vendor\cakephp\cakephp\src\Http\Runner.php(65): Cake\Http\BaseApplication->__invoke(Object(Cake\Http\ServerRequest), Object(Cake\Http\Response), Object(Cake\Http\Runner))
#6 E:\httpdocs\projetos\Digi5Apis\web\vendor\cakephp\cakephp\src\Routing\Middleware\RoutingMiddleware.php(156): Cake\Http\Runner->__invoke(Object(Cake\Http\ServerRequest), Object(Cake\Http\Response))
#7 E:\httpdocs\projetos\Digi5Apis\web\vendor\cakephp\cakephp\src\Http\Runner.php(65): Cake\Routing\Middleware\RoutingMiddleware->__invoke(Object(Cake\Http\ServerRequest), Object(Cake\Http\Response), Object(Cake\Http\Runner))
#8 E:\httpdocs\projetos\Digi5Apis\web\vendor\cakephp\cakephp\src\Routing\Middleware\AssetMiddleware.php(88): Cake\Http\Runner->__invoke(Object(Cake\Http\ServerRequest), Object(Cake\Http\Response))
#9 E:\httpdocs\projetos\Digi5Apis\web\vendor\cakephp\cakephp\src\Http\Runner.php(65): Cake\Routing\Middleware\AssetMiddleware->__invoke(Object(Cake\Http\ServerRequest), Object(Cake\Http\Response), Object(Cake\Http\Runner))
#10 E:\httpdocs\projetos\Digi5Apis\web\vendor\cakephp\cakephp\src\Error\Middleware\ErrorHandlerMiddleware.php(98): Cake\Http\Runner->__invoke(Object(Cake\Http\ServerRequest), Object(Cake\Http\Response))
#11 E:\httpdocs\projetos\Digi5Apis\web\vendor\cakephp\cakephp\src\Http\Runner.php(65): Cake\Error\Middleware\ErrorHandlerMiddleware->__invoke(Object(Cake\Http\ServerRequest), Object(Cake\Http\Response), Object(Cake\Http\Runner))
#12 E:\httpdocs\projetos\Digi5Apis\web\vendor\cakephp\cakephp\src\Http\Runner.php(51): Cake\Http\Runner->__invoke(Object(Cake\Http\ServerRequest), Object(Cake\Http\Response))
#13 E:\httpdocs\projetos\Digi5Apis\web\vendor\cakephp\cakephp\src\Http\Server.php(98): Cake\Http\Runner->run(Object(Cake\Http\MiddlewareQueue), Object(Cake\Http\ServerRequest), Object(Cake\Http\Response))
#14 E:\httpdocs\projetos\Digi5Apis\web\webroot\index.php(125): Cake\Http\Server->run()
#15 {main}


2019-04-09 19:04:09 Error: [Cake\Routing\Exception\MissingControllerException] Controller class Webroot could not be found.
Exception Attributes: array (
  'class' => 'Webroot',
  'plugin' => false,
  'prefix' => false,
  '_ext' => 'json',
)
Request URL: /webroot/auth.json
Stack Trace:
#0 E:\httpdocs\www\api\web\vendor\cakephp\cakephp\src\Http\ControllerFactory.php(39): Cake\Http\ControllerFactory->missingController(Object(Cake\Http\ServerRequest))
#1 E:\httpdocs\www\api\web\vendor\cakephp\cakephp\src\Http\ActionDispatcher.php(91): Cake\Http\ControllerFactory->create(Object(Cake\Http\ServerRequest), Object(Cake\Http\Response))
#2 E:\httpdocs\www\api\web\vendor\cakephp\cakephp\src\Http\BaseApplication.php(235): Cake\Http\ActionDispatcher->dispatch(Object(Cake\Http\ServerRequest), Object(Cake\Http\Response))
#3 E:\httpdocs\www\api\web\vendor\cakephp\cakephp\src\Http\Runner.php(65): Cake\Http\BaseApplication->__invoke(Object(Cake\Http\ServerRequest), Object(Cake\Http\Response), Object(Cake\Http\Runner))
#4 E:\httpdocs\www\api\web\vendor\cakephp\cakephp\src\Routing\Middleware\RoutingMiddleware.php(156): Cake\Http\Runner->__invoke(Object(Cake\Http\ServerRequest), Object(Cake\Http\Response))
#5 E:\httpdocs\www\api\web\vendor\cakephp\cakephp\src\Http\Runner.php(65): Cake\Routing\Middleware\RoutingMiddleware->__invoke(Object(Cake\Http\ServerRequest), Object(Cake\Http\Response), Object(Cake\Http\Runner))
#6 E:\httpdocs\www\api\web\vendor\cakephp\cakephp\src\Routing\Middleware\AssetMiddleware.php(97): Cake\Http\Runner->__invoke(Object(Cake\Http\ServerRequest), Object(Cake\Http\Response))
#7 E:\httpdocs\www\api\web\vendor\cakephp\cakephp\src\Http\Runner.php(65): Cake\Routing\Middleware\AssetMiddleware->__invoke(Object(Cake\Http\ServerRequest), Object(Cake\Http\Response), Object(Cake\Http\Runner))
#8 E:\httpdocs\www\api\web\vendor\cakephp\cakephp\src\Error\Middleware\ErrorHandlerMiddleware.php(98): Cake\Http\Runner->__invoke(Object(Cake\Http\ServerRequest), Object(Cake\Http\Response))
#9 E:\httpdocs\www\api\web\vendor\cakephp\cakephp\src\Http\Runner.php(65): Cake\Error\Middleware\ErrorHandlerMiddleware->__invoke(Object(Cake\Http\ServerRequest), Object(Cake\Http\Response), Object(Cake\Http\Runner))
#10 E:\httpdocs\www\api\web\vendor\cakephp\cakephp\src\Http\Runner.php(51): Cake\Http\Runner->__invoke(Object(Cake\Http\ServerRequest), Object(Cake\Http\Response))
#11 E:\httpdocs\www\api\web\vendor\cakephp\cakephp\src\Http\Server.php(98): Cake\Http\Runner->run(Object(Cake\Http\MiddlewareQueue), Object(Cake\Http\ServerRequest), Object(Cake\Http\Response))
#12 E:\httpdocs\www\api\web\webroot\index.php(126): Cake\Http\Server->run()
#13 {main}


2019-04-09 19:04:26 Error: [Cake\Routing\Exception\MissingControllerException] Controller class Webroot could not be found.
Exception Attributes: array (
  'class' => 'Webroot',
  'plugin' => false,
  'prefix' => false,
  '_ext' => false,
)
Request URL: /webroot/
Stack Trace:
#0 E:\httpdocs\www\api\web\vendor\cakephp\cakephp\src\Http\ControllerFactory.php(39): Cake\Http\ControllerFactory->missingController(Object(Cake\Http\ServerRequest))
#1 E:\httpdocs\www\api\web\vendor\cakephp\cakephp\src\Http\ActionDispatcher.php(91): Cake\Http\ControllerFactory->create(Object(Cake\Http\ServerRequest), Object(Cake\Http\Response))
#2 E:\httpdocs\www\api\web\vendor\cakephp\cakephp\src\Http\BaseApplication.php(235): Cake\Http\ActionDispatcher->dispatch(Object(Cake\Http\ServerRequest), Object(Cake\Http\Response))
#3 E:\httpdocs\www\api\web\vendor\cakephp\cakephp\src\Http\Runner.php(65): Cake\Http\BaseApplication->__invoke(Object(Cake\Http\ServerRequest), Object(Cake\Http\Response), Object(Cake\Http\Runner))
#4 E:\httpdocs\www\api\web\vendor\cakephp\cakephp\src\Routing\Middleware\RoutingMiddleware.php(156): Cake\Http\Runner->__invoke(Object(Cake\Http\ServerRequest), Object(Cake\Http\Response))
#5 E:\httpdocs\www\api\web\vendor\cakephp\cakephp\src\Http\Runner.php(65): Cake\Routing\Middleware\RoutingMiddleware->__invoke(Object(Cake\Http\ServerRequest), Object(Cake\Http\Response), Object(Cake\Http\Runner))
#6 E:\httpdocs\www\api\web\vendor\cakephp\cakephp\src\Routing\Middleware\AssetMiddleware.php(88): Cake\Http\Runner->__invoke(Object(Cake\Http\ServerRequest), Object(Cake\Http\Response))
#7 E:\httpdocs\www\api\web\vendor\cakephp\cakephp\src\Http\Runner.php(65): Cake\Routing\Middleware\AssetMiddleware->__invoke(Object(Cake\Http\ServerRequest), Object(Cake\Http\Response), Object(Cake\Http\Runner))
#8 E:\httpdocs\www\api\web\vendor\cakephp\cakephp\src\Error\Middleware\ErrorHandlerMiddleware.php(98): Cake\Http\Runner->__invoke(Object(Cake\Http\ServerRequest), Object(Cake\Http\Response))
#9 E:\httpdocs\www\api\web\vendor\cakephp\cakephp\src\Http\Runner.php(65): Cake\Error\Middleware\ErrorHandlerMiddleware->__invoke(Object(Cake\Http\ServerRequest), Object(Cake\Http\Response), Object(Cake\Http\Runner))
#10 E:\httpdocs\www\api\web\vendor\cakephp\cakephp\src\Http\Runner.php(51): Cake\Http\Runner->__invoke(Object(Cake\Http\ServerRequest), Object(Cake\Http\Response))
#11 E:\httpdocs\www\api\web\vendor\cakephp\cakephp\src\Http\Server.php(98): Cake\Http\Runner->run(Object(Cake\Http\MiddlewareQueue), Object(Cake\Http\ServerRequest), Object(Cake\Http\Response))
#12 E:\httpdocs\www\api\web\webroot\index.php(126): Cake\Http\Server->run()
#13 {main}


2019-04-09 19:46:57 Error: [Cake\Routing\Exception\MissingControllerException] Controller class Movies could not be found.
Exception Attributes: array (
  'class' => 'Movies',
  'plugin' => false,
  'prefix' => false,
  '_ext' => false,
)
Request URL: /movies/upcoming/buyb2c
Stack Trace:
#0 E:\httpdocs\www\api\web\vendor\cakephp\cakephp\src\Http\ControllerFactory.php(39): Cake\Http\ControllerFactory->missingController(Object(Cake\Http\ServerRequest))
#1 E:\httpdocs\www\api\web\vendor\cakephp\cakephp\src\Http\ActionDispatcher.php(91): Cake\Http\ControllerFactory->create(Object(Cake\Http\ServerRequest), Object(Cake\Http\Response))
#2 E:\httpdocs\www\api\web\vendor\cakephp\cakephp\src\Http\BaseApplication.php(235): Cake\Http\ActionDispatcher->dispatch(Object(Cake\Http\ServerRequest), Object(Cake\Http\Response))
#3 E:\httpdocs\www\api\web\vendor\cakephp\cakephp\src\Http\Runner.php(65): Cake\Http\BaseApplication->__invoke(Object(Cake\Http\ServerRequest), Object(Cake\Http\Response), Object(Cake\Http\Runner))
#4 E:\httpdocs\www\api\web\vendor\cakephp\cakephp\src\Routing\Middleware\RoutingMiddleware.php(156): Cake\Http\Runner->__invoke(Object(Cake\Http\ServerRequest), Object(Cake\Http\Response))
#5 E:\httpdocs\www\api\web\vendor\cakephp\cakephp\src\Http\Runner.php(65): Cake\Routing\Middleware\RoutingMiddleware->__invoke(Object(Cake\Http\ServerRequest), Object(Cake\Http\Response), Object(Cake\Http\Runner))
#6 E:\httpdocs\www\api\web\vendor\cakephp\cakephp\src\Routing\Middleware\AssetMiddleware.php(88): Cake\Http\Runner->__invoke(Object(Cake\Http\ServerRequest), Object(Cake\Http\Response))
#7 E:\httpdocs\www\api\web\vendor\cakephp\cakephp\src\Http\Runner.php(65): Cake\Routing\Middleware\AssetMiddleware->__invoke(Object(Cake\Http\ServerRequest), Object(Cake\Http\Response), Object(Cake\Http\Runner))
#8 E:\httpdocs\www\api\web\vendor\cakephp\cakephp\src\Error\Middleware\ErrorHandlerMiddleware.php(98): Cake\Http\Runner->__invoke(Object(Cake\Http\ServerRequest), Object(Cake\Http\Response))
#9 E:\httpdocs\www\api\web\vendor\cakephp\cakephp\src\Http\Runner.php(65): Cake\Error\Middleware\ErrorHandlerMiddleware->__invoke(Object(Cake\Http\ServerRequest), Object(Cake\Http\Response), Object(Cake\Http\Runner))
#10 E:\httpdocs\www\api\web\vendor\cakephp\cakephp\src\Http\Runner.php(51): Cake\Http\Runner->__invoke(Object(Cake\Http\ServerRequest), Object(Cake\Http\Response))
#11 E:\httpdocs\www\api\web\vendor\cakephp\cakephp\src\Http\Server.php(98): Cake\Http\Runner->run(Object(Cake\Http\MiddlewareQueue), Object(Cake\Http\ServerRequest), Object(Cake\Http\Response))
#12 E:\httpdocs\www\api\web\webroot\index.php(46): Cake\Http\Server->run()
#13 {main}


2019-04-09 19:47:59 Error: [Cake\Routing\Exception\MissingControllerException] Controller class Movies could not be found.
Exception Attributes: array (
  'class' => 'Movies',
  'plugin' => false,
  'prefix' => false,
  '_ext' => false,
)
Request URL: /movies/upcoming/buyb2c
Stack Trace:
#0 E:\httpdocs\www\api\web\vendor\cakephp\cakephp\src\Http\ControllerFactory.php(39): Cake\Http\ControllerFactory->missingController(Object(Cake\Http\ServerRequest))
#1 E:\httpdocs\www\api\web\vendor\cakephp\cakephp\src\Http\ActionDispatcher.php(91): Cake\Http\ControllerFactory->create(Object(Cake\Http\ServerRequest), Object(Cake\Http\Response))
#2 E:\httpdocs\www\api\web\vendor\cakephp\cakephp\src\Http\BaseApplication.php(235): Cake\Http\ActionDispatcher->dispatch(Object(Cake\Http\ServerRequest), Object(Cake\Http\Response))
#3 E:\httpdocs\www\api\web\vendor\cakephp\cakephp\src\Http\Runner.php(65): Cake\Http\BaseApplication->__invoke(Object(Cake\Http\ServerRequest), Object(Cake\Http\Response), Object(Cake\Http\Runner))
#4 E:\httpdocs\www\api\web\vendor\cakephp\cakephp\src\Routing\Middleware\RoutingMiddleware.php(156): Cake\Http\Runner->__invoke(Object(Cake\Http\ServerRequest), Object(Cake\Http\Response))
#5 E:\httpdocs\www\api\web\vendor\cakephp\cakephp\src\Http\Runner.php(65): Cake\Routing\Middleware\RoutingMiddleware->__invoke(Object(Cake\Http\ServerRequest), Object(Cake\Http\Response), Object(Cake\Http\Runner))
#6 E:\httpdocs\www\api\web\vendor\cakephp\cakephp\src\Routing\Middleware\AssetMiddleware.php(88): Cake\Http\Runner->__invoke(Object(Cake\Http\ServerRequest), Object(Cake\Http\Response))
#7 E:\httpdocs\www\api\web\vendor\cakephp\cakephp\src\Http\Runner.php(65): Cake\Routing\Middleware\AssetMiddleware->__invoke(Object(Cake\Http\ServerRequest), Object(Cake\Http\Response), Object(Cake\Http\Runner))
#8 E:\httpdocs\www\api\web\vendor\cakephp\cakephp\src\Error\Middleware\ErrorHandlerMiddleware.php(98): Cake\Http\Runner->__invoke(Object(Cake\Http\ServerRequest), Object(Cake\Http\Response))
#9 E:\httpdocs\www\api\web\vendor\cakephp\cakephp\src\Http\Runner.php(65): Cake\Error\Middleware\ErrorHandlerMiddleware->__invoke(Object(Cake\Http\ServerRequest), Object(Cake\Http\Response), Object(Cake\Http\Runner))
#10 E:\httpdocs\www\api\web\vendor\cakephp\cakephp\src\Http\Runner.php(51): Cake\Http\Runner->__invoke(Object(Cake\Http\ServerRequest), Object(Cake\Http\Response))
#11 E:\httpdocs\www\api\web\vendor\cakephp\cakephp\src\Http\Server.php(98): Cake\Http\Runner->run(Object(Cake\Http\MiddlewareQueue), Object(Cake\Http\ServerRequest), Object(Cake\Http\Response))
#12 E:\httpdocs\www\api\web\webroot\index.php(46): Cake\Http\Server->run()
#13 {main}


2019-04-09 19:48:49 Warning: Warning (2): Cannot modify header information - headers already sent by (output started at E:\httpdocs\www\api\web\vendor\cakephp\cakephp\src\Error\Debugger.php:853) in [E:\httpdocs\www\api\web\src\Controller\AppController.php, line 834]
Request URL: /movies/upcoming/buyb2c
Trace:
Cake\Error\BaseErrorHandler::handleError() - CORE\src\Error\BaseErrorHandler.php, line 159
header - [internal], line ??
App\Controller\AppController::generateOutput() - APP/Controller\AppController.php, line 834
App\Controller\AppController::endPointActionNotExists() - APP/Controller\AppController.php, line 763
App\Controller\MoviesController::upcoming() - APP/Controller\MoviesController.php, line 54
Cake\Controller\Controller::invokeAction() - CORE\src\Controller\Controller.php, line 596
Cake\Http\ActionDispatcher::_invoke() - CORE\src\Http\ActionDispatcher.php, line 120
Cake\Http\ActionDispatcher::dispatch() - CORE\src\Http\ActionDispatcher.php, line 94
Cake\Http\BaseApplication::__invoke() - CORE\src\Http\BaseApplication.php, line 235
Cake\Http\Runner::__invoke() - CORE\src\Http\Runner.php, line 65
Cake\Routing\Middleware\RoutingMiddleware::__invoke() - CORE\src\Routing\Middleware\RoutingMiddleware.php, line 156
Cake\Http\Runner::__invoke() - CORE\src\Http\Runner.php, line 65
Cake\Routing\Middleware\AssetMiddleware::__invoke() - CORE\src\Routing\Middleware\AssetMiddleware.php, line 88
Cake\Http\Runner::__invoke() - CORE\src\Http\Runner.php, line 65
Cake\Error\Middleware\ErrorHandlerMiddleware::__invoke() - CORE\src\Error\Middleware\ErrorHandlerMiddleware.php, line 98
Cake\Http\Runner::__invoke() - CORE\src\Http\Runner.php, line 65
Cake\Http\Runner::run() - CORE\src\Http\Runner.php, line 51
Cake\Http\Server::run() - CORE\src\Http\Server.php, line 98
[main] - ROOT\webroot\index.php, line 46



2019-04-09 19:48:49 Warning: Warning (2): Cannot modify header information - headers already sent by (output started at E:\httpdocs\www\api\web\vendor\cakephp\cakephp\src\Error\Debugger.php:853) in [E:\httpdocs\www\api\web\src\Controller\AppController.php, line 835]
Request URL: /movies/upcoming/buyb2c
Trace:
Cake\Error\BaseErrorHandler::handleError() - CORE\src\Error\BaseErrorHandler.php, line 159
header - [internal], line ??
App\Controller\AppController::generateOutput() - APP/Controller\AppController.php, line 835
App\Controller\AppController::endPointActionNotExists() - APP/Controller\AppController.php, line 763
App\Controller\MoviesController::upcoming() - APP/Controller\MoviesController.php, line 54
Cake\Controller\Controller::invokeAction() - CORE\src\Controller\Controller.php, line 596
Cake\Http\ActionDispatcher::_invoke() - CORE\src\Http\ActionDispatcher.php, line 120
Cake\Http\ActionDispatcher::dispatch() - CORE\src\Http\ActionDispatcher.php, line 94
Cake\Http\BaseApplication::__invoke() - CORE\src\Http\BaseApplication.php, line 235
Cake\Http\Runner::__invoke() - CORE\src\Http\Runner.php, line 65
Cake\Routing\Middleware\RoutingMiddleware::__invoke() - CORE\src\Routing\Middleware\RoutingMiddleware.php, line 156
Cake\Http\Runner::__invoke() - CORE\src\Http\Runner.php, line 65
Cake\Routing\Middleware\AssetMiddleware::__invoke() - CORE\src\Routing\Middleware\AssetMiddleware.php, line 88
Cake\Http\Runner::__invoke() - CORE\src\Http\Runner.php, line 65
Cake\Error\Middleware\ErrorHandlerMiddleware::__invoke() - CORE\src\Error\Middleware\ErrorHandlerMiddleware.php, line 98
Cake\Http\Runner::__invoke() - CORE\src\Http\Runner.php, line 65
Cake\Http\Runner::run() - CORE\src\Http\Runner.php, line 51
Cake\Http\Server::run() - CORE\src\Http\Server.php, line 98
[main] - ROOT\webroot\index.php, line 46



2019-04-09 19:51:35 Error: [Error] Call to a member function getUpcoming() on boolean
Request URL: /movies/upcoming/
Stack Trace:
#0 E:\httpdocs\www\api\web\vendor\cakephp\cakephp\src\Controller\Controller.php(596): App\Controller\MoviesController->upcoming()
#1 E:\httpdocs\www\api\web\vendor\cakephp\cakephp\src\Http\ActionDispatcher.php(120): Cake\Controller\Controller->invokeAction()
#2 E:\httpdocs\www\api\web\vendor\cakephp\cakephp\src\Http\ActionDispatcher.php(94): Cake\Http\ActionDispatcher->_invoke(Object(App\Controller\MoviesController))
#3 E:\httpdocs\www\api\web\vendor\cakephp\cakephp\src\Http\BaseApplication.php(235): Cake\Http\ActionDispatcher->dispatch(Object(Cake\Http\ServerRequest), Object(Cake\Http\Response))
#4 E:\httpdocs\www\api\web\vendor\cakephp\cakephp\src\Http\Runner.php(65): Cake\Http\BaseApplication->__invoke(Object(Cake\Http\ServerRequest), Object(Cake\Http\Response), Object(Cake\Http\Runner))
#5 E:\httpdocs\www\api\web\vendor\cakephp\cakephp\src\Routing\Middleware\RoutingMiddleware.php(156): Cake\Http\Runner->__invoke(Object(Cake\Http\ServerRequest), Object(Cake\Http\Response))
#6 E:\httpdocs\www\api\web\vendor\cakephp\cakephp\src\Http\Runner.php(65): Cake\Routing\Middleware\RoutingMiddleware->__invoke(Object(Cake\Http\ServerRequest), Object(Cake\Http\Response), Object(Cake\Http\Runner))
#7 E:\httpdocs\www\api\web\vendor\cakephp\cakephp\src\Routing\Middleware\AssetMiddleware.php(88): Cake\Http\Runner->__invoke(Object(Cake\Http\ServerRequest), Object(Cake\Http\Response))
#8 E:\httpdocs\www\api\web\vendor\cakephp\cakephp\src\Http\Runner.php(65): Cake\Routing\Middleware\AssetMiddleware->__invoke(Object(Cake\Http\ServerRequest), Object(Cake\Http\Response), Object(Cake\Http\Runner))
#9 E:\httpdocs\www\api\web\vendor\cakephp\cakephp\src\Error\Middleware\ErrorHandlerMiddleware.php(98): Cake\Http\Runner->__invoke(Object(Cake\Http\ServerRequest), Object(Cake\Http\Response))
#10 E:\httpdocs\www\api\web\vendor\cakephp\cakephp\src\Http\Runner.php(65): Cake\Error\Middleware\ErrorHandlerMiddleware->__invoke(Object(Cake\Http\ServerRequest), Object(Cake\Http\Response), Object(Cake\Http\Runner))
#11 E:\httpdocs\www\api\web\vendor\cakephp\cakephp\src\Http\Runner.php(51): Cake\Http\Runner->__invoke(Object(Cake\Http\ServerRequest), Object(Cake\Http\Response))
#12 E:\httpdocs\www\api\web\vendor\cakephp\cakephp\src\Http\Server.php(98): Cake\Http\Runner->run(Object(Cake\Http\MiddlewareQueue), Object(Cake\Http\ServerRequest), Object(Cake\Http\Response))
#13 E:\httpdocs\www\api\web\webroot\index.php(46): Cake\Http\Server->run()
#14 {main}


2019-04-09 20:02:22 Error: [Cake\Controller\Exception\MissingComponentException] Component class TheMoviesComponent could not be found.
Exception Attributes: array (
  'class' => 'TheMoviesComponent',
  'plugin' => NULL,
)
Request URL: /movies/upcoming/
Stack Trace:
#0 E:\httpdocs\www\api\web\vendor\cakephp\cakephp\src\Core\ObjectRegistry.php(95): Cake\Controller\ComponentRegistry->_throwMissingClassError('TheMovies', NULL)
#1 E:\httpdocs\www\api\web\vendor\cakephp\cakephp\src\Controller\Controller.php(334): Cake\Core\ObjectRegistry->load('TheMovies', Array)
#2 E:\httpdocs\www\api\web\vendor\cakephp\cakephp\src\Controller\Controller.php(642): Cake\Controller\Controller->loadComponent('TheMovies', Array)
#3 E:\httpdocs\www\api\web\vendor\cakephp\cakephp\src\Controller\Controller.php(275): Cake\Controller\Controller->_loadComponents()
#4 [internal function]: Cake\Controller\Controller->__construct(Object(Cake\Http\ServerRequest), Object(Cake\Http\Response))
#5 E:\httpdocs\www\api\web\vendor\cakephp\cakephp\src\Http\ControllerFactory.php(46): ReflectionClass->newInstance(Object(Cake\Http\ServerRequest), Object(Cake\Http\Response))
#6 E:\httpdocs\www\api\web\vendor\cakephp\cakephp\src\Http\ActionDispatcher.php(91): Cake\Http\ControllerFactory->create(Object(Cake\Http\ServerRequest), Object(Cake\Http\Response))
#7 E:\httpdocs\www\api\web\vendor\cakephp\cakephp\src\Http\BaseApplication.php(235): Cake\Http\ActionDispatcher->dispatch(Object(Cake\Http\ServerRequest), Object(Cake\Http\Response))
#8 E:\httpdocs\www\api\web\vendor\cakephp\cakephp\src\Http\Runner.php(65): Cake\Http\BaseApplication->__invoke(Object(Cake\Http\ServerRequest), Object(Cake\Http\Response), Object(Cake\Http\Runner))
#9 E:\httpdocs\www\api\web\vendor\cakephp\cakephp\src\Routing\Middleware\RoutingMiddleware.php(156): Cake\Http\Runner->__invoke(Object(Cake\Http\ServerRequest), Object(Cake\Http\Response))
#10 E:\httpdocs\www\api\web\vendor\cakephp\cakephp\src\Http\Runner.php(65): Cake\Routing\Middleware\RoutingMiddleware->__invoke(Object(Cake\Http\ServerRequest), Object(Cake\Http\Response), Object(Cake\Http\Runner))
#11 E:\httpdocs\www\api\web\vendor\cakephp\cakephp\src\Routing\Middleware\AssetMiddleware.php(88): Cake\Http\Runner->__invoke(Object(Cake\Http\ServerRequest), Object(Cake\Http\Response))
#12 E:\httpdocs\www\api\web\vendor\cakephp\cakephp\src\Http\Runner.php(65): Cake\Routing\Middleware\AssetMiddleware->__invoke(Object(Cake\Http\ServerRequest), Object(Cake\Http\Response), Object(Cake\Http\Runner))
#13 E:\httpdocs\www\api\web\vendor\cakephp\cakephp\src\Error\Middleware\ErrorHandlerMiddleware.php(98): Cake\Http\Runner->__invoke(Object(Cake\Http\ServerRequest), Object(Cake\Http\Response))
#14 E:\httpdocs\www\api\web\vendor\cakephp\cakephp\src\Http\Runner.php(65): Cake\Error\Middleware\ErrorHandlerMiddleware->__invoke(Object(Cake\Http\ServerRequest), Object(Cake\Http\Response), Object(Cake\Http\Runner))
#15 E:\httpdocs\www\api\web\vendor\cakephp\cakephp\src\Http\Runner.php(51): Cake\Http\Runner->__invoke(Object(Cake\Http\ServerRequest), Object(Cake\Http\Response))
#16 E:\httpdocs\www\api\web\vendor\cakephp\cakephp\src\Http\Server.php(98): Cake\Http\Runner->run(Object(Cake\Http\MiddlewareQueue), Object(Cake\Http\ServerRequest), Object(Cake\Http\Response))
#17 E:\httpdocs\www\api\web\webroot\index.php(46): Cake\Http\Server->run()
#18 {main}


2019-04-09 20:02:51 Error: [Cake\Controller\Exception\MissingComponentException] Component class TheMoviesComponent could not be found.
Exception Attributes: array (
  'class' => 'TheMoviesComponent',
  'plugin' => NULL,
)
Request URL: /movies/upcoming/
Stack Trace:
#0 E:\httpdocs\www\api\web\vendor\cakephp\cakephp\src\Core\ObjectRegistry.php(95): Cake\Controller\ComponentRegistry->_throwMissingClassError('TheMovies', NULL)
#1 E:\httpdocs\www\api\web\vendor\cakephp\cakephp\src\Controller\Controller.php(334): Cake\Core\ObjectRegistry->load('TheMovies', Array)
#2 E:\httpdocs\www\api\web\vendor\cakephp\cakephp\src\Controller\Controller.php(642): Cake\Controller\Controller->loadComponent('TheMovies', Array)
#3 E:\httpdocs\www\api\web\vendor\cakephp\cakephp\src\Controller\Controller.php(275): Cake\Controller\Controller->_loadComponents()
#4 [internal function]: Cake\Controller\Controller->__construct(Object(Cake\Http\ServerRequest), Object(Cake\Http\Response))
#5 E:\httpdocs\www\api\web\vendor\cakephp\cakephp\src\Http\ControllerFactory.php(46): ReflectionClass->newInstance(Object(Cake\Http\ServerRequest), Object(Cake\Http\Response))
#6 E:\httpdocs\www\api\web\vendor\cakephp\cakephp\src\Http\ActionDispatcher.php(91): Cake\Http\ControllerFactory->create(Object(Cake\Http\ServerRequest), Object(Cake\Http\Response))
#7 E:\httpdocs\www\api\web\vendor\cakephp\cakephp\src\Http\BaseApplication.php(235): Cake\Http\ActionDispatcher->dispatch(Object(Cake\Http\ServerRequest), Object(Cake\Http\Response))
#8 E:\httpdocs\www\api\web\vendor\cakephp\cakephp\src\Http\Runner.php(65): Cake\Http\BaseApplication->__invoke(Object(Cake\Http\ServerRequest), Object(Cake\Http\Response), Object(Cake\Http\Runner))
#9 E:\httpdocs\www\api\web\vendor\cakephp\cakephp\src\Routing\Middleware\RoutingMiddleware.php(156): Cake\Http\Runner->__invoke(Object(Cake\Http\ServerRequest), Object(Cake\Http\Response))
#10 E:\httpdocs\www\api\web\vendor\cakephp\cakephp\src\Http\Runner.php(65): Cake\Routing\Middleware\RoutingMiddleware->__invoke(Object(Cake\Http\ServerRequest), Object(Cake\Http\Response), Object(Cake\Http\Runner))
#11 E:\httpdocs\www\api\web\vendor\cakephp\cakephp\src\Routing\Middleware\AssetMiddleware.php(88): Cake\Http\Runner->__invoke(Object(Cake\Http\ServerRequest), Object(Cake\Http\Response))
#12 E:\httpdocs\www\api\web\vendor\cakephp\cakephp\src\Http\Runner.php(65): Cake\Routing\Middleware\AssetMiddleware->__invoke(Object(Cake\Http\ServerRequest), Object(Cake\Http\Response), Object(Cake\Http\Runner))
#13 E:\httpdocs\www\api\web\vendor\cakephp\cakephp\src\Error\Middleware\ErrorHandlerMiddleware.php(98): Cake\Http\Runner->__invoke(Object(Cake\Http\ServerRequest), Object(Cake\Http\Response))
#14 E:\httpdocs\www\api\web\vendor\cakephp\cakephp\src\Http\Runner.php(65): Cake\Error\Middleware\ErrorHandlerMiddleware->__invoke(Object(Cake\Http\ServerRequest), Object(Cake\Http\Response), Object(Cake\Http\Runner))
#15 E:\httpdocs\www\api\web\vendor\cakephp\cakephp\src\Http\Runner.php(51): Cake\Http\Runner->__invoke(Object(Cake\Http\ServerRequest), Object(Cake\Http\Response))
#16 E:\httpdocs\www\api\web\vendor\cakephp\cakephp\src\Http\Server.php(98): Cake\Http\Runner->run(Object(Cake\Http\MiddlewareQueue), Object(Cake\Http\ServerRequest), Object(Cake\Http\Response))
#17 E:\httpdocs\www\api\web\webroot\index.php(46): Cake\Http\Server->run()
#18 {main}


2019-04-09 20:03:03 Error: [Cake\Controller\Exception\MissingComponentException] Component class TheMoviesComponent could not be found.
Exception Attributes: array (
  'class' => 'TheMoviesComponent',
  'plugin' => NULL,
)
Request URL: /movies/upcoming/
Stack Trace:
#0 E:\httpdocs\www\api\web\vendor\cakephp\cakephp\src\Core\ObjectRegistry.php(95): Cake\Controller\ComponentRegistry->_throwMissingClassError('TheMovies', NULL)
#1 E:\httpdocs\www\api\web\vendor\cakephp\cakephp\src\Controller\Controller.php(334): Cake\Core\ObjectRegistry->load('TheMovies', Array)
#2 E:\httpdocs\www\api\web\vendor\cakephp\cakephp\src\Controller\Controller.php(642): Cake\Controller\Controller->loadComponent('TheMovies', Array)
#3 E:\httpdocs\www\api\web\vendor\cakephp\cakephp\src\Controller\Controller.php(275): Cake\Controller\Controller->_loadComponents()
#4 [internal function]: Cake\Controller\Controller->__construct(Object(Cake\Http\ServerRequest), Object(Cake\Http\Response))
#5 E:\httpdocs\www\api\web\vendor\cakephp\cakephp\src\Http\ControllerFactory.php(46): ReflectionClass->newInstance(Object(Cake\Http\ServerRequest), Object(Cake\Http\Response))
#6 E:\httpdocs\www\api\web\vendor\cakephp\cakephp\src\Http\ActionDispatcher.php(91): Cake\Http\ControllerFactory->create(Object(Cake\Http\ServerRequest), Object(Cake\Http\Response))
#7 E:\httpdocs\www\api\web\vendor\cakephp\cakephp\src\Http\BaseApplication.php(235): Cake\Http\ActionDispatcher->dispatch(Object(Cake\Http\ServerRequest), Object(Cake\Http\Response))
#8 E:\httpdocs\www\api\web\vendor\cakephp\cakephp\src\Http\Runner.php(65): Cake\Http\BaseApplication->__invoke(Object(Cake\Http\ServerRequest), Object(Cake\Http\Response), Object(Cake\Http\Runner))
#9 E:\httpdocs\www\api\web\vendor\cakephp\cakephp\src\Routing\Middleware\RoutingMiddleware.php(156): Cake\Http\Runner->__invoke(Object(Cake\Http\ServerRequest), Object(Cake\Http\Response))
#10 E:\httpdocs\www\api\web\vendor\cakephp\cakephp\src\Http\Runner.php(65): Cake\Routing\Middleware\RoutingMiddleware->__invoke(Object(Cake\Http\ServerRequest), Object(Cake\Http\Response), Object(Cake\Http\Runner))
#11 E:\httpdocs\www\api\web\vendor\cakephp\cakephp\src\Routing\Middleware\AssetMiddleware.php(88): Cake\Http\Runner->__invoke(Object(Cake\Http\ServerRequest), Object(Cake\Http\Response))
#12 E:\httpdocs\www\api\web\vendor\cakephp\cakephp\src\Http\Runner.php(65): Cake\Routing\Middleware\AssetMiddleware->__invoke(Object(Cake\Http\ServerRequest), Object(Cake\Http\Response), Object(Cake\Http\Runner))
#13 E:\httpdocs\www\api\web\vendor\cakephp\cakephp\src\Error\Middleware\ErrorHandlerMiddleware.php(98): Cake\Http\Runner->__invoke(Object(Cake\Http\ServerRequest), Object(Cake\Http\Response))
#14 E:\httpdocs\www\api\web\vendor\cakephp\cakephp\src\Http\Runner.php(65): Cake\Error\Middleware\ErrorHandlerMiddleware->__invoke(Object(Cake\Http\ServerRequest), Object(Cake\Http\Response), Object(Cake\Http\Runner))
#15 E:\httpdocs\www\api\web\vendor\cakephp\cakephp\src\Http\Runner.php(51): Cake\Http\Runner->__invoke(Object(Cake\Http\ServerRequest), Object(Cake\Http\Response))
#16 E:\httpdocs\www\api\web\vendor\cakephp\cakephp\src\Http\Server.php(98): Cake\Http\Runner->run(Object(Cake\Http\MiddlewareQueue), Object(Cake\Http\ServerRequest), Object(Cake\Http\Response))
#17 E:\httpdocs\www\api\web\webroot\index.php(46): Cake\Http\Server->run()
#18 {main}


2019-04-09 20:03:37 Error: [Cake\Controller\Exception\MissingComponentException] Component class TheMoviesComponent could not be found.
Exception Attributes: array (
  'class' => 'TheMoviesComponent',
  'plugin' => NULL,
)
Request URL: /movies/upcoming/
Stack Trace:
#0 E:\httpdocs\www\api\web\vendor\cakephp\cakephp\src\Core\ObjectRegistry.php(95): Cake\Controller\ComponentRegistry->_throwMissingClassError('TheMovies', NULL)
#1 E:\httpdocs\www\api\web\vendor\cakephp\cakephp\src\Controller\Controller.php(334): Cake\Core\ObjectRegistry->load('TheMovies', Array)
#2 E:\httpdocs\www\api\web\vendor\cakephp\cakephp\src\Controller\Controller.php(642): Cake\Controller\Controller->loadComponent('TheMovies', Array)
#3 E:\httpdocs\www\api\web\vendor\cakephp\cakephp\src\Controller\Controller.php(275): Cake\Controller\Controller->_loadComponents()
#4 [internal function]: Cake\Controller\Controller->__construct(Object(Cake\Http\ServerRequest), Object(Cake\Http\Response))
#5 E:\httpdocs\www\api\web\vendor\cakephp\cakephp\src\Http\ControllerFactory.php(46): ReflectionClass->newInstance(Object(Cake\Http\ServerRequest), Object(Cake\Http\Response))
#6 E:\httpdocs\www\api\web\vendor\cakephp\cakephp\src\Http\ActionDispatcher.php(91): Cake\Http\ControllerFactory->create(Object(Cake\Http\ServerRequest), Object(Cake\Http\Response))
#7 E:\httpdocs\www\api\web\vendor\cakephp\cakephp\src\Http\BaseApplication.php(235): Cake\Http\ActionDispatcher->dispatch(Object(Cake\Http\ServerRequest), Object(Cake\Http\Response))
#8 E:\httpdocs\www\api\web\vendor\cakephp\cakephp\src\Http\Runner.php(65): Cake\Http\BaseApplication->__invoke(Object(Cake\Http\ServerRequest), Object(Cake\Http\Response), Object(Cake\Http\Runner))
#9 E:\httpdocs\www\api\web\vendor\cakephp\cakephp\src\Routing\Middleware\RoutingMiddleware.php(156): Cake\Http\Runner->__invoke(Object(Cake\Http\ServerRequest), Object(Cake\Http\Response))
#10 E:\httpdocs\www\api\web\vendor\cakephp\cakephp\src\Http\Runner.php(65): Cake\Routing\Middleware\RoutingMiddleware->__invoke(Object(Cake\Http\ServerRequest), Object(Cake\Http\Response), Object(Cake\Http\Runner))
#11 E:\httpdocs\www\api\web\vendor\cakephp\cakephp\src\Routing\Middleware\AssetMiddleware.php(88): Cake\Http\Runner->__invoke(Object(Cake\Http\ServerRequest), Object(Cake\Http\Response))
#12 E:\httpdocs\www\api\web\vendor\cakephp\cakephp\src\Http\Runner.php(65): Cake\Routing\Middleware\AssetMiddleware->__invoke(Object(Cake\Http\ServerRequest), Object(Cake\Http\Response), Object(Cake\Http\Runner))
#13 E:\httpdocs\www\api\web\vendor\cakephp\cakephp\src\Error\Middleware\ErrorHandlerMiddleware.php(98): Cake\Http\Runner->__invoke(Object(Cake\Http\ServerRequest), Object(Cake\Http\Response))
#14 E:\httpdocs\www\api\web\vendor\cakephp\cakephp\src\Http\Runner.php(65): Cake\Error\Middleware\ErrorHandlerMiddleware->__invoke(Object(Cake\Http\ServerRequest), Object(Cake\Http\Response), Object(Cake\Http\Runner))
#15 E:\httpdocs\www\api\web\vendor\cakephp\cakephp\src\Http\Runner.php(51): Cake\Http\Runner->__invoke(Object(Cake\Http\ServerRequest), Object(Cake\Http\Response))
#16 E:\httpdocs\www\api\web\vendor\cakephp\cakephp\src\Http\Server.php(98): Cake\Http\Runner->run(Object(Cake\Http\MiddlewareQueue), Object(Cake\Http\ServerRequest), Object(Cake\Http\Response))
#17 E:\httpdocs\www\api\web\webroot\index.php(46): Cake\Http\Server->run()
#18 {main}


2019-04-09 20:04:58 Error: [Error] Using $this when not in object context
Request URL: /movies/upcoming/
Stack Trace:
#0 E:\httpdocs\www\api\web\src\Controller\MoviesController.php(38): App\Controller\Component\TmdbComponent::getUpcoming()
#1 E:\httpdocs\www\api\web\vendor\cakephp\cakephp\src\Controller\Controller.php(596): App\Controller\MoviesController->upcoming()
#2 E:\httpdocs\www\api\web\vendor\cakephp\cakephp\src\Http\ActionDispatcher.php(120): Cake\Controller\Controller->invokeAction()
#3 E:\httpdocs\www\api\web\vendor\cakephp\cakephp\src\Http\ActionDispatcher.php(94): Cake\Http\ActionDispatcher->_invoke(Object(App\Controller\MoviesController))
#4 E:\httpdocs\www\api\web\vendor\cakephp\cakephp\src\Http\BaseApplication.php(235): Cake\Http\ActionDispatcher->dispatch(Object(Cake\Http\ServerRequest), Object(Cake\Http\Response))
#5 E:\httpdocs\www\api\web\vendor\cakephp\cakephp\src\Http\Runner.php(65): Cake\Http\BaseApplication->__invoke(Object(Cake\Http\ServerRequest), Object(Cake\Http\Response), Object(Cake\Http\Runner))
#6 E:\httpdocs\www\api\web\vendor\cakephp\cakephp\src\Routing\Middleware\RoutingMiddleware.php(156): Cake\Http\Runner->__invoke(Object(Cake\Http\ServerRequest), Object(Cake\Http\Response))
#7 E:\httpdocs\www\api\web\vendor\cakephp\cakephp\src\Http\Runner.php(65): Cake\Routing\Middleware\RoutingMiddleware->__invoke(Object(Cake\Http\ServerRequest), Object(Cake\Http\Response), Object(Cake\Http\Runner))
#8 E:\httpdocs\www\api\web\vendor\cakephp\cakephp\src\Routing\Middleware\AssetMiddleware.php(88): Cake\Http\Runner->__invoke(Object(Cake\Http\ServerRequest), Object(Cake\Http\Response))
#9 E:\httpdocs\www\api\web\vendor\cakephp\cakephp\src\Http\Runner.php(65): Cake\Routing\Middleware\AssetMiddleware->__invoke(Object(Cake\Http\ServerRequest), Object(Cake\Http\Response), Object(Cake\Http\Runner))
#10 E:\httpdocs\www\api\web\vendor\cakephp\cakephp\src\Error\Middleware\ErrorHandlerMiddleware.php(98): Cake\Http\Runner->__invoke(Object(Cake\Http\ServerRequest), Object(Cake\Http\Response))
#11 E:\httpdocs\www\api\web\vendor\cakephp\cakephp\src\Http\Runner.php(65): Cake\Error\Middleware\ErrorHandlerMiddleware->__invoke(Object(Cake\Http\ServerRequest), Object(Cake\Http\Response), Object(Cake\Http\Runner))
#12 E:\httpdocs\www\api\web\vendor\cakephp\cakephp\src\Http\Runner.php(51): Cake\Http\Runner->__invoke(Object(Cake\Http\ServerRequest), Object(Cake\Http\Response))
#13 E:\httpdocs\www\api\web\vendor\cakephp\cakephp\src\Http\Server.php(98): Cake\Http\Runner->run(Object(Cake\Http\MiddlewareQueue), Object(Cake\Http\ServerRequest), Object(Cake\Http\Response))
#14 E:\httpdocs\www\api\web\webroot\index.php(46): Cake\Http\Server->run()
#15 {main}


2019-04-09 20:06:39 Error: [Error] Using $this when not in object context
Request URL: /movies/upcoming/
Stack Trace:
#0 E:\httpdocs\www\api\web\src\Controller\MoviesController.php(38): App\Controller\Component\TmdbComponent::getUpcoming()
#1 E:\httpdocs\www\api\web\vendor\cakephp\cakephp\src\Controller\Controller.php(596): App\Controller\MoviesController->upcoming()
#2 E:\httpdocs\www\api\web\vendor\cakephp\cakephp\src\Http\ActionDispatcher.php(120): Cake\Controller\Controller->invokeAction()
#3 E:\httpdocs\www\api\web\vendor\cakephp\cakephp\src\Http\ActionDispatcher.php(94): Cake\Http\ActionDispatcher->_invoke(Object(App\Controller\MoviesController))
#4 E:\httpdocs\www\api\web\vendor\cakephp\cakephp\src\Http\BaseApplication.php(235): Cake\Http\ActionDispatcher->dispatch(Object(Cake\Http\ServerRequest), Object(Cake\Http\Response))
#5 E:\httpdocs\www\api\web\vendor\cakephp\cakephp\src\Http\Runner.php(65): Cake\Http\BaseApplication->__invoke(Object(Cake\Http\ServerRequest), Object(Cake\Http\Response), Object(Cake\Http\Runner))
#6 E:\httpdocs\www\api\web\vendor\cakephp\cakephp\src\Routing\Middleware\RoutingMiddleware.php(156): Cake\Http\Runner->__invoke(Object(Cake\Http\ServerRequest), Object(Cake\Http\Response))
#7 E:\httpdocs\www\api\web\vendor\cakephp\cakephp\src\Http\Runner.php(65): Cake\Routing\Middleware\RoutingMiddleware->__invoke(Object(Cake\Http\ServerRequest), Object(Cake\Http\Response), Object(Cake\Http\Runner))
#8 E:\httpdocs\www\api\web\vendor\cakephp\cakephp\src\Routing\Middleware\AssetMiddleware.php(88): Cake\Http\Runner->__invoke(Object(Cake\Http\ServerRequest), Object(Cake\Http\Response))
#9 E:\httpdocs\www\api\web\vendor\cakephp\cakephp\src\Http\Runner.php(65): Cake\Routing\Middleware\AssetMiddleware->__invoke(Object(Cake\Http\ServerRequest), Object(Cake\Http\Response), Object(Cake\Http\Runner))
#10 E:\httpdocs\www\api\web\vendor\cakephp\cakephp\src\Error\Middleware\ErrorHandlerMiddleware.php(98): Cake\Http\Runner->__invoke(Object(Cake\Http\ServerRequest), Object(Cake\Http\Response))
#11 E:\httpdocs\www\api\web\vendor\cakephp\cakephp\src\Http\Runner.php(65): Cake\Error\Middleware\ErrorHandlerMiddleware->__invoke(Object(Cake\Http\ServerRequest), Object(Cake\Http\Response), Object(Cake\Http\Runner))
#12 E:\httpdocs\www\api\web\vendor\cakephp\cakephp\src\Http\Runner.php(51): Cake\Http\Runner->__invoke(Object(Cake\Http\ServerRequest), Object(Cake\Http\Response))
#13 E:\httpdocs\www\api\web\vendor\cakephp\cakephp\src\Http\Server.php(98): Cake\Http\Runner->run(Object(Cake\Http\MiddlewareQueue), Object(Cake\Http\ServerRequest), Object(Cake\Http\Response))
#14 E:\httpdocs\www\api\web\webroot\index.php(46): Cake\Http\Server->run()
#15 {main}


2019-04-09 20:07:27 Error: [Error] Using $this when not in object context
Request URL: /movies/upcoming/
Stack Trace:
#0 E:\httpdocs\www\api\web\src\Controller\MoviesController.php(45): App\Controller\Component\TmdbComponent::getUpcoming()
#1 E:\httpdocs\www\api\web\vendor\cakephp\cakephp\src\Controller\Controller.php(596): App\Controller\MoviesController->upcoming()
#2 E:\httpdocs\www\api\web\vendor\cakephp\cakephp\src\Http\ActionDispatcher.php(120): Cake\Controller\Controller->invokeAction()
#3 E:\httpdocs\www\api\web\vendor\cakephp\cakephp\src\Http\ActionDispatcher.php(94): Cake\Http\ActionDispatcher->_invoke(Object(App\Controller\MoviesController))
#4 E:\httpdocs\www\api\web\vendor\cakephp\cakephp\src\Http\BaseApplication.php(235): Cake\Http\ActionDispatcher->dispatch(Object(Cake\Http\ServerRequest), Object(Cake\Http\Response))
#5 E:\httpdocs\www\api\web\vendor\cakephp\cakephp\src\Http\Runner.php(65): Cake\Http\BaseApplication->__invoke(Object(Cake\Http\ServerRequest), Object(Cake\Http\Response), Object(Cake\Http\Runner))
#6 E:\httpdocs\www\api\web\vendor\cakephp\cakephp\src\Routing\Middleware\RoutingMiddleware.php(156): Cake\Http\Runner->__invoke(Object(Cake\Http\ServerRequest), Object(Cake\Http\Response))
#7 E:\httpdocs\www\api\web\vendor\cakephp\cakephp\src\Http\Runner.php(65): Cake\Routing\Middleware\RoutingMiddleware->__invoke(Object(Cake\Http\ServerRequest), Object(Cake\Http\Response), Object(Cake\Http\Runner))
#8 E:\httpdocs\www\api\web\vendor\cakephp\cakephp\src\Routing\Middleware\AssetMiddleware.php(88): Cake\Http\Runner->__invoke(Object(Cake\Http\ServerRequest), Object(Cake\Http\Response))
#9 E:\httpdocs\www\api\web\vendor\cakephp\cakephp\src\Http\Runner.php(65): Cake\Routing\Middleware\AssetMiddleware->__invoke(Object(Cake\Http\ServerRequest), Object(Cake\Http\Response), Object(Cake\Http\Runner))
#10 E:\httpdocs\www\api\web\vendor\cakephp\cakephp\src\Error\Middleware\ErrorHandlerMiddleware.php(98): Cake\Http\Runner->__invoke(Object(Cake\Http\ServerRequest), Object(Cake\Http\Response))
#11 E:\httpdocs\www\api\web\vendor\cakephp\cakephp\src\Http\Runner.php(65): Cake\Error\Middleware\ErrorHandlerMiddleware->__invoke(Object(Cake\Http\ServerRequest), Object(Cake\Http\Response), Object(Cake\Http\Runner))
#12 E:\httpdocs\www\api\web\vendor\cakephp\cakephp\src\Http\Runner.php(51): Cake\Http\Runner->__invoke(Object(Cake\Http\ServerRequest), Object(Cake\Http\Response))
#13 E:\httpdocs\www\api\web\vendor\cakephp\cakephp\src\Http\Server.php(98): Cake\Http\Runner->run(Object(Cake\Http\MiddlewareQueue), Object(Cake\Http\ServerRequest), Object(Cake\Http\Response))
#14 E:\httpdocs\www\api\web\webroot\index.php(46): Cake\Http\Server->run()
#15 {main}


2019-04-09 20:08:31 Error: [ArgumentCountError] Too few arguments to function Cake\Controller\Component::__construct(), 0 passed in E:\httpdocs\www\api\web\src\Controller\MoviesController.php on line 45 and at least 1 expected
Request URL: /movies/upcoming/
Stack Trace:
#0 E:\httpdocs\www\api\web\src\Controller\MoviesController.php(45): Cake\Controller\Component->__construct()
#1 E:\httpdocs\www\api\web\vendor\cakephp\cakephp\src\Controller\Controller.php(596): App\Controller\MoviesController->upcoming()
#2 E:\httpdocs\www\api\web\vendor\cakephp\cakephp\src\Http\ActionDispatcher.php(120): Cake\Controller\Controller->invokeAction()
#3 E:\httpdocs\www\api\web\vendor\cakephp\cakephp\src\Http\ActionDispatcher.php(94): Cake\Http\ActionDispatcher->_invoke(Object(App\Controller\MoviesController))
#4 E:\httpdocs\www\api\web\vendor\cakephp\cakephp\src\Http\BaseApplication.php(235): Cake\Http\ActionDispatcher->dispatch(Object(Cake\Http\ServerRequest), Object(Cake\Http\Response))
#5 E:\httpdocs\www\api\web\vendor\cakephp\cakephp\src\Http\Runner.php(65): Cake\Http\BaseApplication->__invoke(Object(Cake\Http\ServerRequest), Object(Cake\Http\Response), Object(Cake\Http\Runner))
#6 E:\httpdocs\www\api\web\vendor\cakephp\cakephp\src\Routing\Middleware\RoutingMiddleware.php(156): Cake\Http\Runner->__invoke(Object(Cake\Http\ServerRequest), Object(Cake\Http\Response))
#7 E:\httpdocs\www\api\web\vendor\cakephp\cakephp\src\Http\Runner.php(65): Cake\Routing\Middleware\RoutingMiddleware->__invoke(Object(Cake\Http\ServerRequest), Object(Cake\Http\Response), Object(Cake\Http\Runner))
#8 E:\httpdocs\www\api\web\vendor\cakephp\cakephp\src\Routing\Middleware\AssetMiddleware.php(88): Cake\Http\Runner->__invoke(Object(Cake\Http\ServerRequest), Object(Cake\Http\Response))
#9 E:\httpdocs\www\api\web\vendor\cakephp\cakephp\src\Http\Runner.php(65): Cake\Routing\Middleware\AssetMiddleware->__invoke(Object(Cake\Http\ServerRequest), Object(Cake\Http\Response), Object(Cake\Http\Runner))
#10 E:\httpdocs\www\api\web\vendor\cakephp\cakephp\src\Error\Middleware\ErrorHandlerMiddleware.php(98): Cake\Http\Runner->__invoke(Object(Cake\Http\ServerRequest), Object(Cake\Http\Response))
#11 E:\httpdocs\www\api\web\vendor\cakephp\cakephp\src\Http\Runner.php(65): Cake\Error\Middleware\ErrorHandlerMiddleware->__invoke(Object(Cake\Http\ServerRequest), Object(Cake\Http\Response), Object(Cake\Http\Runner))
#12 E:\httpdocs\www\api\web\vendor\cakephp\cakephp\src\Http\Runner.php(51): Cake\Http\Runner->__invoke(Object(Cake\Http\ServerRequest), Object(Cake\Http\Response))
#13 E:\httpdocs\www\api\web\vendor\cakephp\cakephp\src\Http\Server.php(98): Cake\Http\Runner->run(Object(Cake\Http\MiddlewareQueue), Object(Cake\Http\ServerRequest), Object(Cake\Http\Response))
#14 E:\httpdocs\www\api\web\webroot\index.php(46): Cake\Http\Server->run()
#15 {main}


2019-04-09 20:09:00 Warning: Warning (2): Declaration of App\Controller\Component\TmdbComponent::initialize() should be compatible with Cake\Controller\Component::initialize(array $config) in [E:\httpdocs\www\api\web\src\Controller\Component\TmdbComponent.php, line 635]
Request URL: /movies/upcoming/
Trace:
Cake\Error\BaseErrorHandler::handleError() - CORE\src\Error\BaseErrorHandler.php, line 159
include - ROOT\vendor\composer\ClassLoader.php, line 444
Composer\Autoload\includeFile - ROOT\vendor\composer\ClassLoader.php, line 444
Composer\Autoload\ClassLoader::loadClass() - ROOT\vendor\composer\ClassLoader.php, line 322
spl_autoload_call - [internal], line ??
class_exists - [internal], line ??
Cake\Core\App::_classExistsInBase() - CORE\src\Core\App.php, line 152
Cake\Core\App::className() - CORE\src\Core\App.php, line 64
Cake\Controller\ComponentRegistry::_resolveClassName() - CORE\src\Controller\ComponentRegistry.php, line 84
Cake\Core\ObjectRegistry::load() - CORE\src\Core\ObjectRegistry.php, line 92
Cake\Controller\Controller::loadComponent() - CORE\src\Controller\Controller.php, line 334
Cake\Controller\Controller::_loadComponents() - CORE\src\Controller\Controller.php, line 642
Cake\Controller\Controller::__construct() - CORE\src\Controller\Controller.php, line 275
ReflectionClass::newInstance() - [internal], line ??
Cake\Http\ControllerFactory::create() - CORE\src\Http\ControllerFactory.php, line 46
Cake\Http\ActionDispatcher::dispatch() - CORE\src\Http\ActionDispatcher.php, line 91
Cake\Http\BaseApplication::__invoke() - CORE\src\Http\BaseApplication.php, line 235
Cake\Http\Runner::__invoke() - CORE\src\Http\Runner.php, line 65
Cake\Routing\Middleware\RoutingMiddleware::__invoke() - CORE\src\Routing\Middleware\RoutingMiddleware.php, line 156
Cake\Http\Runner::__invoke() - CORE\src\Http\Runner.php, line 65
Cake\Routing\Middleware\AssetMiddleware::__invoke() - CORE\src\Routing\Middleware\AssetMiddleware.php, line 88
Cake\Http\Runner::__invoke() - CORE\src\Http\Runner.php, line 65
Cake\Error\Middleware\ErrorHandlerMiddleware::__invoke() - CORE\src\Error\Middleware\ErrorHandlerMiddleware.php, line 98
Cake\Http\Runner::__invoke() - CORE\src\Http\Runner.php, line 65
Cake\Http\Runner::run() - CORE\src\Http\Runner.php, line 51
Cake\Http\Server::run() - CORE\src\Http\Server.php, line 98
[main] - ROOT\webroot\index.php, line 46



2019-04-09 20:09:00 Error: [ArgumentCountError] Too few arguments to function Cake\Controller\Component::__construct(), 0 passed in E:\httpdocs\www\api\web\src\Controller\MoviesController.php on line 45 and at least 1 expected
Request URL: /movies/upcoming/
Stack Trace:
#0 E:\httpdocs\www\api\web\src\Controller\MoviesController.php(45): Cake\Controller\Component->__construct()
#1 E:\httpdocs\www\api\web\vendor\cakephp\cakephp\src\Controller\Controller.php(596): App\Controller\MoviesController->upcoming()
#2 E:\httpdocs\www\api\web\vendor\cakephp\cakephp\src\Http\ActionDispatcher.php(120): Cake\Controller\Controller->invokeAction()
#3 E:\httpdocs\www\api\web\vendor\cakephp\cakephp\src\Http\ActionDispatcher.php(94): Cake\Http\ActionDispatcher->_invoke(Object(App\Controller\MoviesController))
#4 E:\httpdocs\www\api\web\vendor\cakephp\cakephp\src\Http\BaseApplication.php(235): Cake\Http\ActionDispatcher->dispatch(Object(Cake\Http\ServerRequest), Object(Cake\Http\Response))
#5 E:\httpdocs\www\api\web\vendor\cakephp\cakephp\src\Http\Runner.php(65): Cake\Http\BaseApplication->__invoke(Object(Cake\Http\ServerRequest), Object(Cake\Http\Response), Object(Cake\Http\Runner))
#6 E:\httpdocs\www\api\web\vendor\cakephp\cakephp\src\Routing\Middleware\RoutingMiddleware.php(156): Cake\Http\Runner->__invoke(Object(Cake\Http\ServerRequest), Object(Cake\Http\Response))
#7 E:\httpdocs\www\api\web\vendor\cakephp\cakephp\src\Http\Runner.php(65): Cake\Routing\Middleware\RoutingMiddleware->__invoke(Object(Cake\Http\ServerRequest), Object(Cake\Http\Response), Object(Cake\Http\Runner))
#8 E:\httpdocs\www\api\web\vendor\cakephp\cakephp\src\Routing\Middleware\AssetMiddleware.php(88): Cake\Http\Runner->__invoke(Object(Cake\Http\ServerRequest), Object(Cake\Http\Response))
#9 E:\httpdocs\www\api\web\vendor\cakephp\cakephp\src\Http\Runner.php(65): Cake\Routing\Middleware\AssetMiddleware->__invoke(Object(Cake\Http\ServerRequest), Object(Cake\Http\Response), Object(Cake\Http\Runner))
#10 E:\httpdocs\www\api\web\vendor\cakephp\cakephp\src\Error\Middleware\ErrorHandlerMiddleware.php(98): Cake\Http\Runner->__invoke(Object(Cake\Http\ServerRequest), Object(Cake\Http\Response))
#11 E:\httpdocs\www\api\web\vendor\cakephp\cakephp\src\Http\Runner.php(65): Cake\Error\Middleware\ErrorHandlerMiddleware->__invoke(Object(Cake\Http\ServerRequest), Object(Cake\Http\Response), Object(Cake\Http\Runner))
#12 E:\httpdocs\www\api\web\vendor\cakephp\cakephp\src\Http\Runner.php(51): Cake\Http\Runner->__invoke(Object(Cake\Http\ServerRequest), Object(Cake\Http\Response))
#13 E:\httpdocs\www\api\web\vendor\cakephp\cakephp\src\Http\Server.php(98): Cake\Http\Runner->run(Object(Cake\Http\MiddlewareQueue), Object(Cake\Http\ServerRequest), Object(Cake\Http\Response))
#14 E:\httpdocs\www\api\web\webroot\index.php(46): Cake\Http\Server->run()
#15 {main}


2019-04-09 20:09:12 Error: [ArgumentCountError] Too few arguments to function Cake\Controller\Component::__construct(), 0 passed in E:\httpdocs\www\api\web\src\Controller\MoviesController.php on line 45 and at least 1 expected
Request URL: /movies/upcoming/
Stack Trace:
#0 E:\httpdocs\www\api\web\src\Controller\MoviesController.php(45): Cake\Controller\Component->__construct()
#1 E:\httpdocs\www\api\web\vendor\cakephp\cakephp\src\Controller\Controller.php(596): App\Controller\MoviesController->upcoming()
#2 E:\httpdocs\www\api\web\vendor\cakephp\cakephp\src\Http\ActionDispatcher.php(120): Cake\Controller\Controller->invokeAction()
#3 E:\httpdocs\www\api\web\vendor\cakephp\cakephp\src\Http\ActionDispatcher.php(94): Cake\Http\ActionDispatcher->_invoke(Object(App\Controller\MoviesController))
#4 E:\httpdocs\www\api\web\vendor\cakephp\cakephp\src\Http\BaseApplication.php(235): Cake\Http\ActionDispatcher->dispatch(Object(Cake\Http\ServerRequest), Object(Cake\Http\Response))
#5 E:\httpdocs\www\api\web\vendor\cakephp\cakephp\src\Http\Runner.php(65): Cake\Http\BaseApplication->__invoke(Object(Cake\Http\ServerRequest), Object(Cake\Http\Response), Object(Cake\Http\Runner))
#6 E:\httpdocs\www\api\web\vendor\cakephp\cakephp\src\Routing\Middleware\RoutingMiddleware.php(156): Cake\Http\Runner->__invoke(Object(Cake\Http\ServerRequest), Object(Cake\Http\Response))
#7 E:\httpdocs\www\api\web\vendor\cakephp\cakephp\src\Http\Runner.php(65): Cake\Routing\Middleware\RoutingMiddleware->__invoke(Object(Cake\Http\ServerRequest), Object(Cake\Http\Response), Object(Cake\Http\Runner))
#8 E:\httpdocs\www\api\web\vendor\cakephp\cakephp\src\Routing\Middleware\AssetMiddleware.php(88): Cake\Http\Runner->__invoke(Object(Cake\Http\ServerRequest), Object(Cake\Http\Response))
#9 E:\httpdocs\www\api\web\vendor\cakephp\cakephp\src\Http\Runner.php(65): Cake\Routing\Middleware\AssetMiddleware->__invoke(Object(Cake\Http\ServerRequest), Object(Cake\Http\Response), Object(Cake\Http\Runner))
#10 E:\httpdocs\www\api\web\vendor\cakephp\cakephp\src\Error\Middleware\ErrorHandlerMiddleware.php(98): Cake\Http\Runner->__invoke(Object(Cake\Http\ServerRequest), Object(Cake\Http\Response))
#11 E:\httpdocs\www\api\web\vendor\cakephp\cakephp\src\Http\Runner.php(65): Cake\Error\Middleware\ErrorHandlerMiddleware->__invoke(Object(Cake\Http\ServerRequest), Object(Cake\Http\Response), Object(Cake\Http\Runner))
#12 E:\httpdocs\www\api\web\vendor\cakephp\cakephp\src\Http\Runner.php(51): Cake\Http\Runner->__invoke(Object(Cake\Http\ServerRequest), Object(Cake\Http\Response))
#13 E:\httpdocs\www\api\web\vendor\cakephp\cakephp\src\Http\Server.php(98): Cake\Http\Runner->run(Object(Cake\Http\MiddlewareQueue), Object(Cake\Http\ServerRequest), Object(Cake\Http\Response))
#14 E:\httpdocs\www\api\web\webroot\index.php(46): Cake\Http\Server->run()
#15 {main}


2019-04-09 20:10:14 Error: [TypeError] Argument 1 passed to Cake\Controller\Component::__construct() must be an instance of Cake\Controller\ComponentRegistry, null given, called in E:\httpdocs\www\api\web\src\Controller\MoviesController.php on line 38
Request URL: /movies/upcoming/
Stack Trace:
#0 E:\httpdocs\www\api\web\src\Controller\MoviesController.php(38): Cake\Controller\Component->__construct(NULL)
#1 E:\httpdocs\www\api\web\vendor\cakephp\cakephp\src\Controller\Controller.php(596): App\Controller\MoviesController->upcoming()
#2 E:\httpdocs\www\api\web\vendor\cakephp\cakephp\src\Http\ActionDispatcher.php(120): Cake\Controller\Controller->invokeAction()
#3 E:\httpdocs\www\api\web\vendor\cakephp\cakephp\src\Http\ActionDispatcher.php(94): Cake\Http\ActionDispatcher->_invoke(Object(App\Controller\MoviesController))
#4 E:\httpdocs\www\api\web\vendor\cakephp\cakephp\src\Http\BaseApplication.php(235): Cake\Http\ActionDispatcher->dispatch(Object(Cake\Http\ServerRequest), Object(Cake\Http\Response))
#5 E:\httpdocs\www\api\web\vendor\cakephp\cakephp\src\Http\Runner.php(65): Cake\Http\BaseApplication->__invoke(Object(Cake\Http\ServerRequest), Object(Cake\Http\Response), Object(Cake\Http\Runner))
#6 E:\httpdocs\www\api\web\vendor\cakephp\cakephp\src\Routing\Middleware\RoutingMiddleware.php(156): Cake\Http\Runner->__invoke(Object(Cake\Http\ServerRequest), Object(Cake\Http\Response))
#7 E:\httpdocs\www\api\web\vendor\cakephp\cakephp\src\Http\Runner.php(65): Cake\Routing\Middleware\RoutingMiddleware->__invoke(Object(Cake\Http\ServerRequest), Object(Cake\Http\Response), Object(Cake\Http\Runner))
#8 E:\httpdocs\www\api\web\vendor\cakephp\cakephp\src\Routing\Middleware\AssetMiddleware.php(88): Cake\Http\Runner->__invoke(Object(Cake\Http\ServerRequest), Object(Cake\Http\Response))
#9 E:\httpdocs\www\api\web\vendor\cakephp\cakephp\src\Http\Runner.php(65): Cake\Routing\Middleware\AssetMiddleware->__invoke(Object(Cake\Http\ServerRequest), Object(Cake\Http\Response), Object(Cake\Http\Runner))
#10 E:\httpdocs\www\api\web\vendor\cakephp\cakephp\src\Error\Middleware\ErrorHandlerMiddleware.php(98): Cake\Http\Runner->__invoke(Object(Cake\Http\ServerRequest), Object(Cake\Http\Response))
#11 E:\httpdocs\www\api\web\vendor\cakephp\cakephp\src\Http\Runner.php(65): Cake\Error\Middleware\ErrorHandlerMiddleware->__invoke(Object(Cake\Http\ServerRequest), Object(Cake\Http\Response), Object(Cake\Http\Runner))
#12 E:\httpdocs\www\api\web\vendor\cakephp\cakephp\src\Http\Runner.php(51): Cake\Http\Runner->__invoke(Object(Cake\Http\ServerRequest), Object(Cake\Http\Response))
#13 E:\httpdocs\www\api\web\vendor\cakephp\cakephp\src\Http\Server.php(98): Cake\Http\Runner->run(Object(Cake\Http\MiddlewareQueue), Object(Cake\Http\ServerRequest), Object(Cake\Http\Response))
#14 E:\httpdocs\www\api\web\webroot\index.php(46): Cake\Http\Server->run()
#15 {main}


2019-04-09 20:10:55 Error: [ArgumentCountError] Too few arguments to function Cake\Controller\Component::__construct(), 0 passed in E:\httpdocs\www\api\web\src\Controller\MoviesController.php on line 38 and at least 1 expected
Request URL: /movies/upcoming/
Stack Trace:
#0 E:\httpdocs\www\api\web\src\Controller\MoviesController.php(38): Cake\Controller\Component->__construct()
#1 E:\httpdocs\www\api\web\vendor\cakephp\cakephp\src\Controller\Controller.php(596): App\Controller\MoviesController->upcoming()
#2 E:\httpdocs\www\api\web\vendor\cakephp\cakephp\src\Http\ActionDispatcher.php(120): Cake\Controller\Controller->invokeAction()
#3 E:\httpdocs\www\api\web\vendor\cakephp\cakephp\src\Http\ActionDispatcher.php(94): Cake\Http\ActionDispatcher->_invoke(Object(App\Controller\MoviesController))
#4 E:\httpdocs\www\api\web\vendor\cakephp\cakephp\src\Http\BaseApplication.php(235): Cake\Http\ActionDispatcher->dispatch(Object(Cake\Http\ServerRequest), Object(Cake\Http\Response))
#5 E:\httpdocs\www\api\web\vendor\cakephp\cakephp\src\Http\Runner.php(65): Cake\Http\BaseApplication->__invoke(Object(Cake\Http\ServerRequest), Object(Cake\Http\Response), Object(Cake\Http\Runner))
#6 E:\httpdocs\www\api\web\vendor\cakephp\cakephp\src\Routing\Middleware\RoutingMiddleware.php(156): Cake\Http\Runner->__invoke(Object(Cake\Http\ServerRequest), Object(Cake\Http\Response))
#7 E:\httpdocs\www\api\web\vendor\cakephp\cakephp\src\Http\Runner.php(65): Cake\Routing\Middleware\RoutingMiddleware->__invoke(Object(Cake\Http\ServerRequest), Object(Cake\Http\Response), Object(Cake\Http\Runner))
#8 E:\httpdocs\www\api\web\vendor\cakephp\cakephp\src\Routing\Middleware\AssetMiddleware.php(88): Cake\Http\Runner->__invoke(Object(Cake\Http\ServerRequest), Object(Cake\Http\Response))
#9 E:\httpdocs\www\api\web\vendor\cakephp\cakephp\src\Http\Runner.php(65): Cake\Routing\Middleware\AssetMiddleware->__invoke(Object(Cake\Http\ServerRequest), Object(Cake\Http\Response), Object(Cake\Http\Runner))
#10 E:\httpdocs\www\api\web\vendor\cakephp\cakephp\src\Error\Middleware\ErrorHandlerMiddleware.php(98): Cake\Http\Runner->__invoke(Object(Cake\Http\ServerRequest), Object(Cake\Http\Response))
#11 E:\httpdocs\www\api\web\vendor\cakephp\cakephp\src\Http\Runner.php(65): Cake\Error\Middleware\ErrorHandlerMiddleware->__invoke(Object(Cake\Http\ServerRequest), Object(Cake\Http\Response), Object(Cake\Http\Runner))
#12 E:\httpdocs\www\api\web\vendor\cakephp\cakephp\src\Http\Runner.php(51): Cake\Http\Runner->__invoke(Object(Cake\Http\ServerRequest), Object(Cake\Http\Response))
#13 E:\httpdocs\www\api\web\vendor\cakephp\cakephp\src\Http\Server.php(98): Cake\Http\Runner->run(Object(Cake\Http\MiddlewareQueue), Object(Cake\Http\ServerRequest), Object(Cake\Http\Response))
#14 E:\httpdocs\www\api\web\webroot\index.php(46): Cake\Http\Server->run()
#15 {main}


2019-04-09 20:11:07 Warning: Warning (2): Cannot modify header information - headers already sent by (output started at E:\httpdocs\www\api\web\vendor\cakephp\cakephp\src\Error\Debugger.php:853) in [E:\httpdocs\www\api\web\src\Controller\AppController.php, line 834]
Request URL: /movies/upcoming/
Trace:
Cake\Error\BaseErrorHandler::handleError() - CORE\src\Error\BaseErrorHandler.php, line 159
header - [internal], line ??
App\Controller\AppController::generateOutput() - APP/Controller\AppController.php, line 834
App\Controller\MoviesController::upcoming() - APP/Controller\MoviesController.php, line 44
Cake\Controller\Controller::invokeAction() - CORE\src\Controller\Controller.php, line 596
Cake\Http\ActionDispatcher::_invoke() - CORE\src\Http\ActionDispatcher.php, line 120
Cake\Http\ActionDispatcher::dispatch() - CORE\src\Http\ActionDispatcher.php, line 94
Cake\Http\BaseApplication::__invoke() - CORE\src\Http\BaseApplication.php, line 235
Cake\Http\Runner::__invoke() - CORE\src\Http\Runner.php, line 65
Cake\Routing\Middleware\RoutingMiddleware::__invoke() - CORE\src\Routing\Middleware\RoutingMiddleware.php, line 156
Cake\Http\Runner::__invoke() - CORE\src\Http\Runner.php, line 65
Cake\Routing\Middleware\AssetMiddleware::__invoke() - CORE\src\Routing\Middleware\AssetMiddleware.php, line 88
Cake\Http\Runner::__invoke() - CORE\src\Http\Runner.php, line 65
Cake\Error\Middleware\ErrorHandlerMiddleware::__invoke() - CORE\src\Error\Middleware\ErrorHandlerMiddleware.php, line 98
Cake\Http\Runner::__invoke() - CORE\src\Http\Runner.php, line 65
Cake\Http\Runner::run() - CORE\src\Http\Runner.php, line 51
Cake\Http\Server::run() - CORE\src\Http\Server.php, line 98
[main] - ROOT\webroot\index.php, line 46



2019-04-09 20:11:07 Warning: Warning (2): Cannot modify header information - headers already sent by (output started at E:\httpdocs\www\api\web\vendor\cakephp\cakephp\src\Error\Debugger.php:853) in [E:\httpdocs\www\api\web\src\Controller\AppController.php, line 835]
Request URL: /movies/upcoming/
Trace:
Cake\Error\BaseErrorHandler::handleError() - CORE\src\Error\BaseErrorHandler.php, line 159
header - [internal], line ??
App\Controller\AppController::generateOutput() - APP/Controller\AppController.php, line 835
App\Controller\MoviesController::upcoming() - APP/Controller\MoviesController.php, line 44
Cake\Controller\Controller::invokeAction() - CORE\src\Controller\Controller.php, line 596
Cake\Http\ActionDispatcher::_invoke() - CORE\src\Http\ActionDispatcher.php, line 120
Cake\Http\ActionDispatcher::dispatch() - CORE\src\Http\ActionDispatcher.php, line 94
Cake\Http\BaseApplication::__invoke() - CORE\src\Http\BaseApplication.php, line 235
Cake\Http\Runner::__invoke() - CORE\src\Http\Runner.php, line 65
Cake\Routing\Middleware\RoutingMiddleware::__invoke() - CORE\src\Routing\Middleware\RoutingMiddleware.php, line 156
Cake\Http\Runner::__invoke() - CORE\src\Http\Runner.php, line 65
Cake\Routing\Middleware\AssetMiddleware::__invoke() - CORE\src\Routing\Middleware\AssetMiddleware.php, line 88
Cake\Http\Runner::__invoke() - CORE\src\Http\Runner.php, line 65
Cake\Error\Middleware\ErrorHandlerMiddleware::__invoke() - CORE\src\Error\Middleware\ErrorHandlerMiddleware.php, line 98
Cake\Http\Runner::__invoke() - CORE\src\Http\Runner.php, line 65
Cake\Http\Runner::run() - CORE\src\Http\Runner.php, line 51
Cake\Http\Server::run() - CORE\src\Http\Server.php, line 98
[main] - ROOT\webroot\index.php, line 46



2019-04-09 20:11:25 Warning: Warning (2): Cannot modify header information - headers already sent by (output started at E:\httpdocs\www\api\web\vendor\cakephp\cakephp\src\Error\Debugger.php:853) in [E:\httpdocs\www\api\web\src\Controller\AppController.php, line 834]
Request URL: /movies/upcoming/
Trace:
Cake\Error\BaseErrorHandler::handleError() - CORE\src\Error\BaseErrorHandler.php, line 159
header - [internal], line ??
App\Controller\AppController::generateOutput() - APP/Controller\AppController.php, line 834
App\Controller\MoviesController::upcoming() - APP/Controller\MoviesController.php, line 44
Cake\Controller\Controller::invokeAction() - CORE\src\Controller\Controller.php, line 596
Cake\Http\ActionDispatcher::_invoke() - CORE\src\Http\ActionDispatcher.php, line 120
Cake\Http\ActionDispatcher::dispatch() - CORE\src\Http\ActionDispatcher.php, line 94
Cake\Http\BaseApplication::__invoke() - CORE\src\Http\BaseApplication.php, line 235
Cake\Http\Runner::__invoke() - CORE\src\Http\Runner.php, line 65
Cake\Routing\Middleware\RoutingMiddleware::__invoke() - CORE\src\Routing\Middleware\RoutingMiddleware.php, line 156
Cake\Http\Runner::__invoke() - CORE\src\Http\Runner.php, line 65
Cake\Routing\Middleware\AssetMiddleware::__invoke() - CORE\src\Routing\Middleware\AssetMiddleware.php, line 88
Cake\Http\Runner::__invoke() - CORE\src\Http\Runner.php, line 65
Cake\Error\Middleware\ErrorHandlerMiddleware::__invoke() - CORE\src\Error\Middleware\ErrorHandlerMiddleware.php, line 98
Cake\Http\Runner::__invoke() - CORE\src\Http\Runner.php, line 65
Cake\Http\Runner::run() - CORE\src\Http\Runner.php, line 51
Cake\Http\Server::run() - CORE\src\Http\Server.php, line 98
[main] - ROOT\webroot\index.php, line 46



2019-04-09 20:11:25 Warning: Warning (2): Cannot modify header information - headers already sent by (output started at E:\httpdocs\www\api\web\vendor\cakephp\cakephp\src\Error\Debugger.php:853) in [E:\httpdocs\www\api\web\src\Controller\AppController.php, line 835]
Request URL: /movies/upcoming/
Trace:
Cake\Error\BaseErrorHandler::handleError() - CORE\src\Error\BaseErrorHandler.php, line 159
header - [internal], line ??
App\Controller\AppController::generateOutput() - APP/Controller\AppController.php, line 835
App\Controller\MoviesController::upcoming() - APP/Controller\MoviesController.php, line 44
Cake\Controller\Controller::invokeAction() - CORE\src\Controller\Controller.php, line 596
Cake\Http\ActionDispatcher::_invoke() - CORE\src\Http\ActionDispatcher.php, line 120
Cake\Http\ActionDispatcher::dispatch() - CORE\src\Http\ActionDispatcher.php, line 94
Cake\Http\BaseApplication::__invoke() - CORE\src\Http\BaseApplication.php, line 235
Cake\Http\Runner::__invoke() - CORE\src\Http\Runner.php, line 65
Cake\Routing\Middleware\RoutingMiddleware::__invoke() - CORE\src\Routing\Middleware\RoutingMiddleware.php, line 156
Cake\Http\Runner::__invoke() - CORE\src\Http\Runner.php, line 65
Cake\Routing\Middleware\AssetMiddleware::__invoke() - CORE\src\Routing\Middleware\AssetMiddleware.php, line 88
Cake\Http\Runner::__invoke() - CORE\src\Http\Runner.php, line 65
Cake\Error\Middleware\ErrorHandlerMiddleware::__invoke() - CORE\src\Error\Middleware\ErrorHandlerMiddleware.php, line 98
Cake\Http\Runner::__invoke() - CORE\src\Http\Runner.php, line 65
Cake\Http\Runner::run() - CORE\src\Http\Runner.php, line 51
Cake\Http\Server::run() - CORE\src\Http\Server.php, line 98
[main] - ROOT\webroot\index.php, line 46



2019-04-09 20:14:08 Warning: Warning (2): http_build_query() [<a href='https://secure.php.net/function.http-build-query'>function.http-build-query</a>]: Parameter 1 expected to be Array or Object.  Incorrect value given in [E:\httpdocs\www\api\web\src\Controller\Component\TmdbComponent.php, line 63]
Request URL: /movies/upcoming/
Trace:
Cake\Error\BaseErrorHandler::handleError() - CORE\src\Error\BaseErrorHandler.php, line 159
http_build_query - [internal], line ??
App\Controller\Component\TmdbComponent::sendRequest() - APP/Controller\Component\TmdbComponent.php, line 63
App\Controller\Component\TmdbComponent::getUpcoming() - APP/Controller\Component\TmdbComponent.php, line 172
App\Controller\MoviesController::upcoming() - APP/Controller\MoviesController.php, line 38
Cake\Controller\Controller::invokeAction() - CORE\src\Controller\Controller.php, line 596
Cake\Http\ActionDispatcher::_invoke() - CORE\src\Http\ActionDispatcher.php, line 120
Cake\Http\ActionDispatcher::dispatch() - CORE\src\Http\ActionDispatcher.php, line 94
Cake\Http\BaseApplication::__invoke() - CORE\src\Http\BaseApplication.php, line 235
Cake\Http\Runner::__invoke() - CORE\src\Http\Runner.php, line 65
Cake\Routing\Middleware\RoutingMiddleware::__invoke() - CORE\src\Routing\Middleware\RoutingMiddleware.php, line 156
Cake\Http\Runner::__invoke() - CORE\src\Http\Runner.php, line 65
Cake\Routing\Middleware\AssetMiddleware::__invoke() - CORE\src\Routing\Middleware\AssetMiddleware.php, line 88
Cake\Http\Runner::__invoke() - CORE\src\Http\Runner.php, line 65
Cake\Error\Middleware\ErrorHandlerMiddleware::__invoke() - CORE\src\Error\Middleware\ErrorHandlerMiddleware.php, line 98
Cake\Http\Runner::__invoke() - CORE\src\Http\Runner.php, line 65
Cake\Http\Runner::run() - CORE\src\Http\Runner.php, line 51
Cake\Http\Server::run() - CORE\src\Http\Server.php, line 98
[main] - ROOT\webroot\index.php, line 46



2019-04-09 20:14:09 Warning: Warning (2): Cannot modify header information - headers already sent by (output started at E:\httpdocs\www\api\web\vendor\cakephp\cakephp\src\Error\Debugger.php:853) in [E:\httpdocs\www\api\web\src\Controller\AppController.php, line 834]
Request URL: /movies/upcoming/
Trace:
Cake\Error\BaseErrorHandler::handleError() - CORE\src\Error\BaseErrorHandler.php, line 159
header - [internal], line ??
App\Controller\AppController::generateOutput() - APP/Controller\AppController.php, line 834
App\Controller\MoviesController::upcoming() - APP/Controller\MoviesController.php, line 44
Cake\Controller\Controller::invokeAction() - CORE\src\Controller\Controller.php, line 596
Cake\Http\ActionDispatcher::_invoke() - CORE\src\Http\ActionDispatcher.php, line 120
Cake\Http\ActionDispatcher::dispatch() - CORE\src\Http\ActionDispatcher.php, line 94
Cake\Http\BaseApplication::__invoke() - CORE\src\Http\BaseApplication.php, line 235
Cake\Http\Runner::__invoke() - CORE\src\Http\Runner.php, line 65
Cake\Routing\Middleware\RoutingMiddleware::__invoke() - CORE\src\Routing\Middleware\RoutingMiddleware.php, line 156
Cake\Http\Runner::__invoke() - CORE\src\Http\Runner.php, line 65
Cake\Routing\Middleware\AssetMiddleware::__invoke() - CORE\src\Routing\Middleware\AssetMiddleware.php, line 88
Cake\Http\Runner::__invoke() - CORE\src\Http\Runner.php, line 65
Cake\Error\Middleware\ErrorHandlerMiddleware::__invoke() - CORE\src\Error\Middleware\ErrorHandlerMiddleware.php, line 98
Cake\Http\Runner::__invoke() - CORE\src\Http\Runner.php, line 65
Cake\Http\Runner::run() - CORE\src\Http\Runner.php, line 51
Cake\Http\Server::run() - CORE\src\Http\Server.php, line 98
[main] - ROOT\webroot\index.php, line 46



2019-04-09 20:14:09 Warning: Warning (2): Cannot modify header information - headers already sent by (output started at E:\httpdocs\www\api\web\vendor\cakephp\cakephp\src\Error\Debugger.php:853) in [E:\httpdocs\www\api\web\src\Controller\AppController.php, line 835]
Request URL: /movies/upcoming/
Trace:
Cake\Error\BaseErrorHandler::handleError() - CORE\src\Error\BaseErrorHandler.php, line 159
header - [internal], line ??
App\Controller\AppController::generateOutput() - APP/Controller\AppController.php, line 835
App\Controller\MoviesController::upcoming() - APP/Controller\MoviesController.php, line 44
Cake\Controller\Controller::invokeAction() - CORE\src\Controller\Controller.php, line 596
Cake\Http\ActionDispatcher::_invoke() - CORE\src\Http\ActionDispatcher.php, line 120
Cake\Http\ActionDispatcher::dispatch() - CORE\src\Http\ActionDispatcher.php, line 94
Cake\Http\BaseApplication::__invoke() - CORE\src\Http\BaseApplication.php, line 235
Cake\Http\Runner::__invoke() - CORE\src\Http\Runner.php, line 65
Cake\Routing\Middleware\RoutingMiddleware::__invoke() - CORE\src\Routing\Middleware\RoutingMiddleware.php, line 156
Cake\Http\Runner::__invoke() - CORE\src\Http\Runner.php, line 65
Cake\Routing\Middleware\AssetMiddleware::__invoke() - CORE\src\Routing\Middleware\AssetMiddleware.php, line 88
Cake\Http\Runner::__invoke() - CORE\src\Http\Runner.php, line 65
Cake\Error\Middleware\ErrorHandlerMiddleware::__invoke() - CORE\src\Error\Middleware\ErrorHandlerMiddleware.php, line 98
Cake\Http\Runner::__invoke() - CORE\src\Http\Runner.php, line 65
Cake\Http\Runner::run() - CORE\src\Http\Runner.php, line 51
Cake\Http\Server::run() - CORE\src\Http\Server.php, line 98
[main] - ROOT\webroot\index.php, line 46



2019-04-09 20:14:24 Warning: Warning (2): http_build_query(): Parameter 1 expected to be Array or Object.  Incorrect value given in [E:\httpdocs\www\api\web\src\Controller\Component\TmdbComponent.php, line 63]
Request URL: /movies/upcoming/
Trace:
Cake\Error\BaseErrorHandler::handleError() - CORE\src\Error\BaseErrorHandler.php, line 159
http_build_query - [internal], line ??
App\Controller\Component\TmdbComponent::sendRequest() - APP/Controller\Component\TmdbComponent.php, line 63
App\Controller\Component\TmdbComponent::getUpcoming() - APP/Controller\Component\TmdbComponent.php, line 173
App\Controller\MoviesController::upcoming() - APP/Controller\MoviesController.php, line 38
Cake\Controller\Controller::invokeAction() - CORE\src\Controller\Controller.php, line 596
Cake\Http\ActionDispatcher::_invoke() - CORE\src\Http\ActionDispatcher.php, line 120
Cake\Http\ActionDispatcher::dispatch() - CORE\src\Http\ActionDispatcher.php, line 94
Cake\Http\BaseApplication::__invoke() - CORE\src\Http\BaseApplication.php, line 235
Cake\Http\Runner::__invoke() - CORE\src\Http\Runner.php, line 65
Cake\Routing\Middleware\RoutingMiddleware::__invoke() - CORE\src\Routing\Middleware\RoutingMiddleware.php, line 156
Cake\Http\Runner::__invoke() - CORE\src\Http\Runner.php, line 65
Cake\Routing\Middleware\AssetMiddleware::__invoke() - CORE\src\Routing\Middleware\AssetMiddleware.php, line 88
Cake\Http\Runner::__invoke() - CORE\src\Http\Runner.php, line 65
Cake\Error\Middleware\ErrorHandlerMiddleware::__invoke() - CORE\src\Error\Middleware\ErrorHandlerMiddleware.php, line 98
Cake\Http\Runner::__invoke() - CORE\src\Http\Runner.php, line 65
Cake\Http\Runner::run() - CORE\src\Http\Runner.php, line 51
Cake\Http\Server::run() - CORE\src\Http\Server.php, line 98
[main] - ROOT\webroot\index.php, line 46



